[ 2016-04-15T09:27:02+08:00 ] 112.66.214.126 /user/wxuser/set
INFO: [ route_check ] --START--
INFO: CheckRoute Behavior ::run [ RunTime:0.000859s ]
INFO: [ route_check ] --END-- [ RunTime:0.000986s ]
INFO: [ app_begin ] --START--
INFO: ReadHtmlCache Behavior ::run [ RunTime:0.000529s ]
INFO: [ app_begin ] --END-- [ RunTime:0.000592s ]
NOTIC: [8] A session had already been started - ignoring session_start() /home/qjywxjqujiy7wbx/wwwroot/Weixin/App/User/Action/BaseAction.class.php 第 2 行.

[ 2016-04-15T09:27:03+08:00 ] 112.66.214.126 /user/login/index
INFO: [ route_check ] --START--
INFO: CheckRoute Behavior ::run [ RunTime:0.000905s ]
INFO: [ route_check ] --END-- [ RunTime:0.001043s ]
INFO: [ app_begin ] --START--
INFO: ReadHtmlCache Behavior ::run [ RunTime:0.000529s ]
INFO: [ app_begin ] --END-- [ RunTime:0.000592s ]
INFO: [ view_parse ] --START--
INFO: ParseTemplate Behavior ::run [ RunTime:0.009653s ]
INFO: [ view_parse ] --END-- [ RunTime:0.009773s ]
INFO: [ view_filter ] --START--
INFO: ContentReplace Behavior ::run [ RunTime:0.000307s ]
INFO: TokenBuild Behavior ::run [ RunTime:0.000298s ]
INFO: WriteHtmlCache Behavior ::run [ RunTime:0.000215s ]
INFO: ShowRuntime Behavior ::run [ RunTime:0.000422s ]
INFO: [ view_filter ] --END-- [ RunTime:0.001431s ]
INFO: [ view_end ] --START--
INFO: ShowPageTrace Behavior ::run [ RunTime:0.000680s ]
INFO: [ view_end ] --END-- [ RunTime:0.000739s ]

[ 2016-04-15T09:31:33+08:00 ] 112.66.214.126 /user/login/checkLogin
INFO: [ route_check ] --START--
INFO: CheckRoute Behavior ::run [ RunTime:0.000908s ]
INFO: [ route_check ] --END-- [ RunTime:0.001039s ]
INFO: [ app_begin ] --START--
INFO: ReadHtmlCache Behavior ::run [ RunTime:0.000581s ]
INFO: [ app_begin ] --END-- [ RunTime:0.000642s ]
NOTIC: [8] Use of undefined constant is_POST - assumed 'is_POST' /home/qjywxjqujiy7wbx/wwwroot/Weixin/App/User/Action/LoginAction.class.php 第 17 行.
NOTIC: 建议使用I方法替代_post
NOTIC: 建议使用I方法替代_post
NOTIC: [8] Undefined variable: verify /home/qjywxjqujiy7wbx/wwwroot/Weixin/App/User/Action/LoginAction.class.php 第 30 行.
SQL: SHOW COLUMNS FROM `wx_admin` [ RunTime:0.001762s ]
SQL: SELECT * FROM `wx_admin` WHERE ( `username` = 'qjy' ) LIMIT 1   [ RunTime:0.000267s ]
SQL: SHOW COLUMNS FROM `wx_wxuser` [ RunTime:0.001004s ]
SQL: SELECT * FROM `wx_wxuser` ORDER BY id desc LIMIT 1   [ RunTime:0.000171s ]

[ 2016-04-15T09:31:36+08:00 ] 112.66.214.126 /user/wxuser/set
INFO: [ route_check ] --START--
INFO: CheckRoute Behavior ::run [ RunTime:0.000787s ]
INFO: [ route_check ] --END-- [ RunTime:0.000857s ]
INFO: [ app_begin ] --START--
INFO: ReadHtmlCache Behavior ::run [ RunTime:0.000486s ]
INFO: [ app_begin ] --END-- [ RunTime:0.000542s ]
NOTIC: [8] A session had already been started - ignoring session_start() /home/qjywxjqujiy7wbx/wwwroot/Weixin/App/User/Action/BaseAction.class.php 第 2 行.
SQL: SHOW COLUMNS FROM `wx_wxuser` [ RunTime:0.000834s ]
SQL: SELECT * FROM `wx_wxuser` LIMIT 1   [ RunTime:0.000198s ]
INFO: [ view_parse ] --START--
INFO: ParseTemplate Behavior ::run [ RunTime:0.034288s ]
INFO: [ view_parse ] --END-- [ RunTime:0.034357s ]
INFO: [ view_filter ] --START--
INFO: ContentReplace Behavior ::run [ RunTime:0.000333s ]
INFO: TokenBuild Behavior ::run [ RunTime:0.000353s ]
INFO: WriteHtmlCache Behavior ::run [ RunTime:0.000225s ]
INFO: ShowRuntime Behavior ::run [ RunTime:0.000395s ]
INFO: [ view_filter ] --END-- [ RunTime:0.001491s ]
INFO: [ view_end ] --START--
INFO: ShowPageTrace Behavior ::run [ RunTime:0.000623s ]
INFO: [ view_end ] --END-- [ RunTime:0.000681s ]

[ 2016-04-15T09:31:40+08:00 ] 112.66.214.126 /user/index/logout
INFO: [ route_check ] --START--
INFO: CheckRoute Behavior ::run [ RunTime:0.000851s ]
INFO: [ route_check ] --END-- [ RunTime:0.001117s ]
INFO: [ app_begin ] --START--
INFO: ReadHtmlCache Behavior ::run [ RunTime:0.000553s ]
INFO: [ app_begin ] --END-- [ RunTime:0.000614s ]
NOTIC: [8] A session had already been started - ignoring session_start() /home/qjywxjqujiy7wbx/wwwroot/Weixin/App/User/Action/BaseAction.class.php 第 2 行.

[ 2016-04-15T09:31:40+08:00 ] 112.66.214.126 /user/login/index
INFO: [ route_check ] --START--
INFO: CheckRoute Behavior ::run [ RunTime:0.000840s ]
INFO: [ route_check ] --END-- [ RunTime:0.000920s ]
INFO: [ app_begin ] --START--
INFO: ReadHtmlCache Behavior ::run [ RunTime:0.000547s ]
INFO: [ app_begin ] --END-- [ RunTime:0.000612s ]
INFO: [ view_parse ] --START--
INFO: ParseTemplate Behavior ::run [ RunTime:0.008466s ]
INFO: [ view_parse ] --END-- [ RunTime:0.008558s ]
INFO: [ view_filter ] --START--
INFO: ContentReplace Behavior ::run [ RunTime:0.000307s ]
INFO: TokenBuild Behavior ::run [ RunTime:0.000349s ]
INFO: WriteHtmlCache Behavior ::run [ RunTime:0.000199s ]
INFO: ShowRuntime Behavior ::run [ RunTime:0.000389s ]
INFO: [ view_filter ] --END-- [ RunTime:0.001496s ]
INFO: [ view_end ] --START--
INFO: ShowPageTrace Behavior ::run [ RunTime:0.000679s ]
INFO: [ view_end ] --END-- [ RunTime:0.000755s ]

[ 2016-04-15T09:31:50+08:00 ] 112.66.214.126 /user/login/index
INFO: [ route_check ] --START--
INFO: CheckRoute Behavior ::run [ RunTime:0.000895s ]
INFO: [ route_check ] --END-- [ RunTime:0.000982s ]
INFO: [ app_begin ] --START--
INFO: ReadHtmlCache Behavior ::run [ RunTime:0.000489s ]
INFO: [ app_begin ] --END-- [ RunTime:0.000552s ]
INFO: [ view_parse ] --START--
INFO: ParseTemplate Behavior ::run [ RunTime:0.007940s ]
INFO: [ view_parse ] --END-- [ RunTime:0.008029s ]
INFO: [ view_filter ] --START--
INFO: ContentReplace Behavior ::run [ RunTime:0.000305s ]
INFO: TokenBuild Behavior ::run [ RunTime:0.000334s ]
INFO: WriteHtmlCache Behavior ::run [ RunTime:0.000193s ]
INFO: ShowRuntime Behavior ::run [ RunTime:0.000399s ]
INFO: [ view_filter ] --END-- [ RunTime:0.001411s ]
INFO: [ view_end ] --START--
INFO: ShowPageTrace Behavior ::run [ RunTime:0.000715s ]
INFO: [ view_end ] --END-- [ RunTime:0.000783s ]

[ 2016-04-15T09:32:02+08:00 ] 112.66.214.126 /browserconfig.xml
INFO: [ route_check ] --START--
INFO: CheckRoute Behavior ::run [ RunTime:0.000869s ]
INFO: [ route_check ] --END-- [ RunTime:0.000986s ]
INFO: [ app_begin ] --START--
INFO: ReadHtmlCache Behavior ::run [ RunTime:0.000538s ]
INFO: [ app_begin ] --END-- [ RunTime:0.000603s ]
ERR: 无法加载模块:Browserconfig

[ 2016-04-15T09:32:26+08:00 ] 112.66.214.126 /user/login/checkLogin
INFO: [ route_check ] --START--
INFO: CheckRoute Behavior ::run [ RunTime:0.000840s ]
INFO: [ route_check ] --END-- [ RunTime:0.000976s ]
INFO: [ app_begin ] --START--
INFO: ReadHtmlCache Behavior ::run [ RunTime:0.000543s ]
INFO: [ app_begin ] --END-- [ RunTime:0.000600s ]
NOTIC: [8] Use of undefined constant is_POST - assumed 'is_POST' /home/qjywxjqujiy7wbx/wwwroot/Weixin/App/User/Action/LoginAction.class.php 第 17 行.
NOTIC: 建议使用I方法替代_post
NOTIC: 建议使用I方法替代_post
NOTIC: [8] Undefined variable: verify /home/qjywxjqujiy7wbx/wwwroot/Weixin/App/User/Action/LoginAction.class.php 第 30 行.
SQL: SHOW COLUMNS FROM `wx_admin` [ RunTime:0.000806s ]
SQL: SELECT * FROM `wx_admin` WHERE ( `username` = 'qjywx.cn.com/userqjy' ) LIMIT 1   [ RunTime:0.000234s ]

[ 2016-04-15T09:32:35+08:00 ] 112.66.214.126 /user/login/checkLogin
INFO: [ route_check ] --START--
INFO: CheckRoute Behavior ::run [ RunTime:0.000865s ]
INFO: [ route_check ] --END-- [ RunTime:0.000983s ]
INFO: [ app_begin ] --START--
INFO: ReadHtmlCache Behavior ::run [ RunTime:0.000506s ]
INFO: [ app_begin ] --END-- [ RunTime:0.000564s ]
NOTIC: [8] Use of undefined constant is_POST - assumed 'is_POST' /home/qjywxjqujiy7wbx/wwwroot/Weixin/App/User/Action/LoginAction.class.php 第 17 行.
NOTIC: 建议使用I方法替代_post
NOTIC: 建议使用I方法替代_post
NOTIC: [8] Undefined variable: verify /home/qjywxjqujiy7wbx/wwwroot/Weixin/App/User/Action/LoginAction.class.php 第 30 行.
SQL: SHOW COLUMNS FROM `wx_admin` [ RunTime:0.000741s ]
SQL: SELECT * FROM `wx_admin` WHERE ( `username` = 'qjywx.cn.com' ) LIMIT 1   [ RunTime:0.000198s ]

[ 2016-04-15T09:32:51+08:00 ] 112.66.214.126 /user/login/checkLogin
INFO: [ route_check ] --START--
INFO: CheckRoute Behavior ::run [ RunTime:0.000853s ]
INFO: [ route_check ] --END-- [ RunTime:0.001000s ]
INFO: [ app_begin ] --START--
INFO: ReadHtmlCache Behavior ::run [ RunTime:0.000569s ]
INFO: [ app_begin ] --END-- [ RunTime:0.000627s ]
NOTIC: [8] Use of undefined constant is_POST - assumed 'is_POST' /home/qjywxjqujiy7wbx/wwwroot/Weixin/App/User/Action/LoginAction.class.php 第 17 行.
NOTIC: 建议使用I方法替代_post
NOTIC: 建议使用I方法替代_post
NOTIC: [8] Undefined variable: verify /home/qjywxjqujiy7wbx/wwwroot/Weixin/App/User/Action/LoginAction.class.php 第 30 行.
SQL: SHOW COLUMNS FROM `wx_admin` [ RunTime:0.000791s ]
SQL: SELECT * FROM `wx_admin` WHERE ( `username` = 'qjy' ) LIMIT 1   [ RunTime:0.000073s ]
SQL: SHOW COLUMNS FROM `wx_wxuser` [ RunTime:0.000511s ]
SQL: SELECT * FROM `wx_wxuser` ORDER BY id desc LIMIT 1   [ RunTime:0.000071s ]

[ 2016-04-15T09:32:54+08:00 ] 112.66.214.126 /user/wxuser/set
INFO: [ route_check ] --START--
INFO: CheckRoute Behavior ::run [ RunTime:0.001824s ]
INFO: [ route_check ] --END-- [ RunTime:0.001946s ]
INFO: [ app_begin ] --START--
INFO: ReadHtmlCache Behavior ::run [ RunTime:0.000718s ]
INFO: [ app_begin ] --END-- [ RunTime:0.000828s ]
NOTIC: [8] A session had already been started - ignoring session_start() /home/qjywxjqujiy7wbx/wwwroot/Weixin/App/User/Action/BaseAction.class.php 第 2 行.
SQL: SHOW COLUMNS FROM `wx_wxuser` [ RunTime:0.001336s ]
SQL: SELECT * FROM `wx_wxuser` LIMIT 1   [ RunTime:0.000099s ]
INFO: [ view_parse ] --START--
INFO: ParseTemplate Behavior ::run [ RunTime:0.029955s ]
INFO: [ view_parse ] --END-- [ RunTime:0.030086s ]
INFO: [ view_filter ] --START--
INFO: ContentReplace Behavior ::run [ RunTime:0.000504s ]
INFO: TokenBuild Behavior ::run [ RunTime:0.000470s ]
INFO: WriteHtmlCache Behavior ::run [ RunTime:0.000292s ]
INFO: ShowRuntime Behavior ::run [ RunTime:0.000613s ]
INFO: [ view_filter ] --END-- [ RunTime:0.002133s ]
INFO: [ view_end ] --START--
INFO: ShowPageTrace Behavior ::run [ RunTime:0.000913s ]
INFO: [ view_end ] --END-- [ RunTime:0.001051s ]

[ 2016-04-15T09:35:04+08:00 ] 101.226.233.143 /weixin?signature=abed130f4524d510b4a534a6eb085f1758775933&timestamp=1460684102&nonce=1090567100
INFO: [ route_check ] --START--
INFO: CheckRoute Behavior ::run [ RunTime:0.001283s ]
INFO: [ route_check ] --END-- [ RunTime:0.001462s ]
INFO: [ app_begin ] --START--
INFO: ReadHtmlCache Behavior ::run [ RunTime:0.000792s ]
INFO: [ app_begin ] --END-- [ RunTime:0.000884s ]
NOTIC: [8] Undefined index:  echostr /home/qjywxjqujiy7wbx/wwwroot/Weixin/App/Home/ORG/Wechat.class.php 第 14 行.
SQL: SHOW COLUMNS FROM `wx_wxuser` [ RunTime:0.000779s ]
SQL: SELECT `wxid` FROM `wx_wxuser` LIMIT 1   [ RunTime:0.000163s ]
SQL: SELECT `wxid` FROM `wx_wxuser` LIMIT 1   [ RunTime:0.000062s ]
SQL: SHOW COLUMNS FROM `wx_member` [ RunTime:0.001077s ]
SQL: SELECT `id` FROM `wx_member` WHERE ( `openid` = 'o5Wc0uKbNj7Ha0CTUuUb50OhLBwI' ) LIMIT 1   [ RunTime:0.000758s ]
SQL: SELECT `AppId`,`Secret`,`id` FROM `wx_wxuser` LIMIT 1   [ RunTime:0.000140s ]
SQL: INSERT INTO `wx_member` (`openid`,`headerpic`,`wxname`,`sex`,`city`,`province`,`country`,`addtime`,`sub_time`,`cardid`,`status`,`last_time`) VALUES ('o5Wc0uKbNj7Ha0CTUuUb50OhLBwI','http://wx.qlogo.cn/mmopen/EuKbnjjZx8xEyHUFqHKiaNwSQzYHujFmqscWQ2uPDFDa3KnWaYG3AuM6YS67X4FYhUBSVBujscXPa2FurobNFaAgcwQKcNz7I/0','Jinni菁',2,'海口','海南','中国',1460684104,1460684104,'4880865586614316',0,1460684104) [ RunTime:0.000423s ]
SQL: SELECT * FROM `wx_wxuser` LIMIT 1   [ RunTime:0.000091s ]

[ 2016-04-15T09:42:02+08:00 ] 101.226.103.71 /weixin?signature=9af9b12474041558f4776bd16ff563c718a95ffb&timestamp=1460684522&nonce=830302799
INFO: [ route_check ] --START--
INFO: CheckRoute Behavior ::run [ RunTime:0.000859s ]
INFO: [ route_check ] --END-- [ RunTime:0.000988s ]
INFO: [ app_begin ] --START--
INFO: ReadHtmlCache Behavior ::run [ RunTime:0.000507s ]
INFO: [ app_begin ] --END-- [ RunTime:0.000567s ]
NOTIC: [8] Undefined index:  echostr /home/qjywxjqujiy7wbx/wwwroot/Weixin/App/Home/ORG/Wechat.class.php 第 14 行.
SQL: SHOW COLUMNS FROM `wx_wxuser` [ RunTime:0.000995s ]
SQL: SELECT `wxid` FROM `wx_wxuser` LIMIT 1   [ RunTime:0.000121s ]
SQL: SELECT `wxid` FROM `wx_wxuser` LIMIT 1   [ RunTime:0.000101s ]
NOTIC: [8] Undefined index:  Content /home/qjywxjqujiy7wbx/wwwroot/Weixin/App/Home/Action/WeixinAction.class.php 第 158 行.
SQL: SHOW COLUMNS FROM `wx_keyword` [ RunTime:0.001397s ]
SQL: SELECT * FROM `wx_keyword` WHERE ( `keyword` LIKE '%%' ) LIMIT 1   [ RunTime:0.000238s ]
SQL: SHOW COLUMNS FROM `wx_replynews` [ RunTime:0.000925s ]
SQL: SELECT * FROM `wx_replynews` WHERE ( `id` = 15 ) LIMIT 1   [ RunTime:0.000268s ]

[ 2016-04-15T09:42:28+08:00 ] 101.226.103.71 /weixin?signature=eefb7e0ff7b333b3aebdbb9a3136a85e493a3d10&timestamp=1460684548&nonce=622676456
INFO: [ route_check ] --START--
INFO: CheckRoute Behavior ::run [ RunTime:0.000904s ]
INFO: [ route_check ] --END-- [ RunTime:0.001044s ]
INFO: [ app_begin ] --START--
INFO: ReadHtmlCache Behavior ::run [ RunTime:0.000526s ]
INFO: [ app_begin ] --END-- [ RunTime:0.000588s ]
NOTIC: [8] Undefined index:  echostr /home/qjywxjqujiy7wbx/wwwroot/Weixin/App/Home/ORG/Wechat.class.php 第 14 行.
SQL: SHOW COLUMNS FROM `wx_wxuser` [ RunTime:0.000892s ]
SQL: SELECT `wxid` FROM `wx_wxuser` LIMIT 1   [ RunTime:0.000071s ]
SQL: SELECT `wxid` FROM `wx_wxuser` LIMIT 1   [ RunTime:0.000064s ]
NOTIC: [8] Undefined index:  Content /home/qjywxjqujiy7wbx/wwwroot/Weixin/App/Home/Action/WeixinAction.class.php 第 158 行.
SQL: SHOW COLUMNS FROM `wx_keyword` [ RunTime:0.000470s ]
SQL: SELECT * FROM `wx_keyword` WHERE ( `keyword` LIKE '%%' ) LIMIT 1   [ RunTime:0.000070s ]
SQL: SHOW COLUMNS FROM `wx_replynews` [ RunTime:0.000579s ]
SQL: SELECT * FROM `wx_replynews` WHERE ( `id` = 15 ) LIMIT 1   [ RunTime:0.000082s ]

[ 2016-04-15T09:42:34+08:00 ] 101.226.103.71 /weixin?signature=ec3d815139aa08da397c38cab0fa49502630ec90&timestamp=1460684553&nonce=494223844
INFO: [ route_check ] --START--
INFO: CheckRoute Behavior ::run [ RunTime:0.000934s ]
INFO: [ route_check ] --END-- [ RunTime:0.001064s ]
INFO: [ app_begin ] --START--
INFO: ReadHtmlCache Behavior ::run [ RunTime:0.000548s ]
INFO: [ app_begin ] --END-- [ RunTime:0.000611s ]
NOTIC: [8] Undefined index:  echostr /home/qjywxjqujiy7wbx/wwwroot/Weixin/App/Home/ORG/Wechat.class.php 第 14 行.
SQL: SHOW COLUMNS FROM `wx_wxuser` [ RunTime:0.000817s ]
SQL: SELECT `wxid` FROM `wx_wxuser` LIMIT 1   [ RunTime:0.000105s ]
SQL: SELECT `wxid` FROM `wx_wxuser` LIMIT 1   [ RunTime:0.000083s ]
NOTIC: [8] Undefined index:  Content /home/qjywxjqujiy7wbx/wwwroot/Weixin/App/Home/Action/WeixinAction.class.php 第 158 行.
SQL: SHOW COLUMNS FROM `wx_keyword` [ RunTime:0.000658s ]
SQL: SELECT * FROM `wx_keyword` WHERE ( `keyword` LIKE '%%' ) LIMIT 1   [ RunTime:0.000089s ]
SQL: SHOW COLUMNS FROM `wx_replynews` [ RunTime:0.000873s ]
SQL: SELECT * FROM `wx_replynews` WHERE ( `id` = 15 ) LIMIT 1   [ RunTime:0.000104s ]

[ 2016-04-15T09:42:39+08:00 ] 101.226.103.71 /weixin?signature=fb301c515bd86a8b53493b8b25a20d9659d03bb4&timestamp=1460684558&nonce=1947967603
INFO: [ route_check ] --START--
INFO: CheckRoute Behavior ::run [ RunTime:0.000979s ]
INFO: [ route_check ] --END-- [ RunTime:0.001119s ]
INFO: [ app_begin ] --START--
INFO: ReadHtmlCache Behavior ::run [ RunTime:0.000581s ]
INFO: [ app_begin ] --END-- [ RunTime:0.000644s ]
NOTIC: [8] Undefined index:  echostr /home/qjywxjqujiy7wbx/wwwroot/Weixin/App/Home/ORG/Wechat.class.php 第 14 行.
SQL: SHOW COLUMNS FROM `wx_wxuser` [ RunTime:0.001027s ]
SQL: SELECT `wxid` FROM `wx_wxuser` LIMIT 1   [ RunTime:0.000113s ]
SQL: SELECT `wxid` FROM `wx_wxuser` LIMIT 1   [ RunTime:0.000116s ]
NOTIC: [8] Undefined index:  Content /home/qjywxjqujiy7wbx/wwwroot/Weixin/App/Home/Action/WeixinAction.class.php 第 158 行.
SQL: SHOW COLUMNS FROM `wx_keyword` [ RunTime:0.000703s ]
SQL: SELECT * FROM `wx_keyword` WHERE ( `keyword` LIKE '%%' ) LIMIT 1   [ RunTime:0.000092s ]
SQL: SHOW COLUMNS FROM `wx_replynews` [ RunTime:0.000613s ]
SQL: SELECT * FROM `wx_replynews` WHERE ( `id` = 15 ) LIMIT 1   [ RunTime:0.000103s ]

[ 2016-04-15T09:42:44+08:00 ] 101.226.103.71 /weixin?signature=6354c9be06f39adbe356db4da2795598f30fac88&timestamp=1460684564&nonce=836639725
INFO: [ route_check ] --START--
INFO: CheckRoute Behavior ::run [ RunTime:0.000914s ]
INFO: [ route_check ] --END-- [ RunTime:0.001039s ]
INFO: [ app_begin ] --START--
INFO: ReadHtmlCache Behavior ::run [ RunTime:0.000580s ]
INFO: [ app_begin ] --END-- [ RunTime:0.000643s ]
NOTIC: [8] Undefined index:  echostr /home/qjywxjqujiy7wbx/wwwroot/Weixin/App/Home/ORG/Wechat.class.php 第 14 行.
SQL: SHOW COLUMNS FROM `wx_wxuser` [ RunTime:0.000837s ]
SQL: SELECT `wxid` FROM `wx_wxuser` LIMIT 1   [ RunTime:0.000080s ]
SQL: SELECT `wxid` FROM `wx_wxuser` LIMIT 1   [ RunTime:0.000059s ]
NOTIC: [8] Undefined index:  Content /home/qjywxjqujiy7wbx/wwwroot/Weixin/App/Home/Action/WeixinAction.class.php 第 158 行.
SQL: SHOW COLUMNS FROM `wx_keyword` [ RunTime:0.000440s ]
SQL: SELECT * FROM `wx_keyword` WHERE ( `keyword` LIKE '%%' ) LIMIT 1   [ RunTime:0.000065s ]
SQL: SHOW COLUMNS FROM `wx_replynews` [ RunTime:0.000453s ]
SQL: SELECT * FROM `wx_replynews` WHERE ( `id` = 15 ) LIMIT 1   [ RunTime:0.000091s ]

[ 2016-04-15T09:43:15+08:00 ] 101.226.233.144 /weixin?signature=40ec19a665477db67fe9fd718192b47e261816d0&timestamp=1460684595&nonce=404068376
INFO: [ route_check ] --START--
INFO: CheckRoute Behavior ::run [ RunTime:0.000844s ]
INFO: [ route_check ] --END-- [ RunTime:0.000999s ]
INFO: [ app_begin ] --START--
INFO: ReadHtmlCache Behavior ::run [ RunTime:0.000544s ]
INFO: [ app_begin ] --END-- [ RunTime:0.000607s ]
NOTIC: [8] Undefined index:  echostr /home/qjywxjqujiy7wbx/wwwroot/Weixin/App/Home/ORG/Wechat.class.php 第 14 行.
SQL: SHOW COLUMNS FROM `wx_wxuser` [ RunTime:0.000861s ]
SQL: SELECT `wxid` FROM `wx_wxuser` LIMIT 1   [ RunTime:0.000068s ]
SQL: SELECT `wxid` FROM `wx_wxuser` LIMIT 1   [ RunTime:0.000061s ]
NOTIC: [8] Undefined index:  Content /home/qjywxjqujiy7wbx/wwwroot/Weixin/App/Home/Action/WeixinAction.class.php 第 158 行.
SQL: SHOW COLUMNS FROM `wx_keyword` [ RunTime:0.000489s ]
SQL: SELECT * FROM `wx_keyword` WHERE ( `keyword` LIKE '%%' ) LIMIT 1   [ RunTime:0.000068s ]
SQL: SHOW COLUMNS FROM `wx_replynews` [ RunTime:0.000513s ]
SQL: SELECT * FROM `wx_replynews` WHERE ( `id` = 15 ) LIMIT 1   [ RunTime:0.000079s ]

[ 2016-04-15T09:43:16+08:00 ] 112.66.214.126 /Wap/artice/zwgklist?code=0315fe68cc1d651532d096c18e18a575&state=123
INFO: [ route_check ] --START--
INFO: CheckRoute Behavior ::run [ RunTime:0.000818s ]
INFO: [ route_check ] --END-- [ RunTime:0.000897s ]
INFO: [ app_begin ] --START--
INFO: ReadHtmlCache Behavior ::run [ RunTime:0.000541s ]
INFO: [ app_begin ] --END-- [ RunTime:0.000600s ]
SQL: SHOW COLUMNS FROM `wx_article` [ RunTime:0.030367s ]
SQL: SELECT * FROM `wx_article` WHERE ( `cate_id` = 4 ) ORDER BY id desc LIMIT 1000   [ RunTime:0.013038s ]
INFO: [ view_parse ] --START--
NOTIC: [8] Undefined index:  keyword /home/qjywxjqujiy7wbx/wwwroot/Weixin/Runtime/Cache/Wap/33c5cc52cc394bb785f4b92ac5d52bab.php 第 23 行.
INFO: ParseTemplate Behavior ::run [ RunTime:0.031692s ]
INFO: [ view_parse ] --END-- [ RunTime:0.031813s ]
INFO: [ view_filter ] --START--
INFO: ContentReplace Behavior ::run [ RunTime:0.000331s ]
INFO: TokenBuild Behavior ::run [ RunTime:0.000300s ]
INFO: WriteHtmlCache Behavior ::run [ RunTime:0.000214s ]
INFO: ShowRuntime Behavior ::run [ RunTime:0.000481s ]
INFO: [ view_filter ] --END-- [ RunTime:0.001524s ]
INFO: [ view_end ] --START--
INFO: ShowPageTrace Behavior ::run [ RunTime:0.000753s ]
INFO: [ view_end ] --END-- [ RunTime:0.000835s ]

[ 2016-04-15T09:43:21+08:00 ] 112.66.214.126 /wap/artice/details/id/529
INFO: [ route_check ] --START--
INFO: CheckRoute Behavior ::run [ RunTime:0.000817s ]
INFO: [ route_check ] --END-- [ RunTime:0.000897s ]
INFO: [ app_begin ] --START--
INFO: ReadHtmlCache Behavior ::run [ RunTime:0.000500s ]
INFO: [ app_begin ] --END-- [ RunTime:0.000556s ]
SQL: SHOW COLUMNS FROM `wx_article` [ RunTime:0.000842s ]
SQL: SELECT * FROM `wx_article` WHERE ( `id` = 529 ) LIMIT 1   [ RunTime:0.000263s ]
INFO: [ view_parse ] --START--
INFO: ParseTemplate Behavior ::run [ RunTime:0.019416s ]
INFO: [ view_parse ] --END-- [ RunTime:0.019495s ]
INFO: [ view_filter ] --START--
INFO: ContentReplace Behavior ::run [ RunTime:0.000305s ]
INFO: TokenBuild Behavior ::run [ RunTime:0.000288s ]
INFO: WriteHtmlCache Behavior ::run [ RunTime:0.000216s ]
INFO: ShowRuntime Behavior ::run [ RunTime:0.000512s ]
INFO: [ view_filter ] --END-- [ RunTime:0.001505s ]
INFO: [ view_end ] --START--
INFO: ShowPageTrace Behavior ::run [ RunTime:0.000703s ]
INFO: [ view_end ] --END-- [ RunTime:0.000759s ]

[ 2016-04-15T09:43:26+08:00 ] 101.226.233.154 /weixin?signature=0863eb9bde744833acf39072bc0a0e4a38ad5879&timestamp=1460684606&nonce=1592728793
INFO: [ route_check ] --START--
INFO: CheckRoute Behavior ::run [ RunTime:0.000857s ]
INFO: [ route_check ] --END-- [ RunTime:0.001001s ]
INFO: [ app_begin ] --START--
INFO: ReadHtmlCache Behavior ::run [ RunTime:0.000535s ]
INFO: [ app_begin ] --END-- [ RunTime:0.000606s ]
NOTIC: [8] Undefined index:  echostr /home/qjywxjqujiy7wbx/wwwroot/Weixin/App/Home/ORG/Wechat.class.php 第 14 行.
SQL: SHOW COLUMNS FROM `wx_wxuser` [ RunTime:0.001037s ]
SQL: SELECT `wxid` FROM `wx_wxuser` LIMIT 1   [ RunTime:0.000098s ]
SQL: SELECT `wxid` FROM `wx_wxuser` LIMIT 1   [ RunTime:0.000077s ]
NOTIC: [8] Undefined index:  Content /home/qjywxjqujiy7wbx/wwwroot/Weixin/App/Home/Action/WeixinAction.class.php 第 158 行.
SQL: SHOW COLUMNS FROM `wx_keyword` [ RunTime:0.000650s ]
SQL: SELECT * FROM `wx_keyword` WHERE ( `keyword` LIKE '%%' ) LIMIT 1   [ RunTime:0.000087s ]
SQL: SHOW COLUMNS FROM `wx_replynews` [ RunTime:0.000659s ]
SQL: SELECT * FROM `wx_replynews` WHERE ( `id` = 15 ) LIMIT 1   [ RunTime:0.000098s ]

[ 2016-04-15T09:43:27+08:00 ] 112.66.214.126 /Wap/artice/troupelist?code=0216d1edfa6c179b68fbc597a258b8ep&state=123
INFO: [ route_check ] --START--
INFO: CheckRoute Behavior ::run [ RunTime:0.000866s ]
INFO: [ route_check ] --END-- [ RunTime:0.000958s ]
INFO: [ app_begin ] --START--
INFO: ReadHtmlCache Behavior ::run [ RunTime:0.000522s ]
INFO: [ app_begin ] --END-- [ RunTime:0.000582s ]
SQL: SHOW COLUMNS FROM `wx_article` [ RunTime:0.001103s ]
SQL: SELECT * FROM `wx_article` WHERE ( `cate_id` = 3 ) ORDER BY id desc LIMIT 1000   [ RunTime:0.010570s ]
INFO: [ view_parse ] --START--
NOTIC: [8] Undefined index:  keyword /home/qjywxjqujiy7wbx/wwwroot/Weixin/Runtime/Cache/Wap/6aa39ffa8da54f6584f4cdff3757dd71.php 第 24 行.
INFO: ParseTemplate Behavior ::run [ RunTime:0.011608s ]
INFO: [ view_parse ] --END-- [ RunTime:0.011711s ]
INFO: [ view_filter ] --START--
INFO: ContentReplace Behavior ::run [ RunTime:0.000927s ]
INFO: TokenBuild Behavior ::run [ RunTime:0.000312s ]
INFO: WriteHtmlCache Behavior ::run [ RunTime:0.000243s ]
INFO: ShowRuntime Behavior ::run [ RunTime:0.000418s ]
INFO: [ view_filter ] --END-- [ RunTime:0.002108s ]
INFO: [ view_end ] --START--
INFO: ShowPageTrace Behavior ::run [ RunTime:0.000692s ]
INFO: [ view_end ] --END-- [ RunTime:0.000754s ]

[ 2016-04-15T09:43:30+08:00 ] 112.66.214.126 /wap/artice/troupedetails/id/492
INFO: [ route_check ] --START--
INFO: CheckRoute Behavior ::run [ RunTime:0.000826s ]
INFO: [ route_check ] --END-- [ RunTime:0.000907s ]
INFO: [ app_begin ] --START--
INFO: ReadHtmlCache Behavior ::run [ RunTime:0.000527s ]
INFO: [ app_begin ] --END-- [ RunTime:0.000585s ]
SQL: SHOW COLUMNS FROM `wx_article` [ RunTime:0.001082s ]
SQL: SELECT * FROM `wx_article` WHERE ( `id` = 492 ) LIMIT 1   [ RunTime:0.000324s ]
INFO: [ view_parse ] --START--
INFO: ParseTemplate Behavior ::run [ RunTime:0.016982s ]
INFO: [ view_parse ] --END-- [ RunTime:0.017070s ]
INFO: [ view_filter ] --START--
INFO: ContentReplace Behavior ::run [ RunTime:0.000406s ]
INFO: TokenBuild Behavior ::run [ RunTime:0.000380s ]
INFO: WriteHtmlCache Behavior ::run [ RunTime:0.000227s ]
INFO: ShowRuntime Behavior ::run [ RunTime:0.000486s ]
INFO: [ view_filter ] --END-- [ RunTime:0.001707s ]
INFO: [ view_end ] --START--
INFO: ShowPageTrace Behavior ::run [ RunTime:0.000788s ]
INFO: [ view_end ] --END-- [ RunTime:0.000869s ]

[ 2016-04-15T09:43:36+08:00 ] 101.226.233.149 /weixin?signature=0ea3d7ba4f12d675aa212901b3c5470813b9d38e&timestamp=1460684616&nonce=957335374
INFO: [ route_check ] --START--
INFO: CheckRoute Behavior ::run [ RunTime:0.000849s ]
INFO: [ route_check ] --END-- [ RunTime:0.000968s ]
INFO: [ app_begin ] --START--
INFO: ReadHtmlCache Behavior ::run [ RunTime:0.000516s ]
INFO: [ app_begin ] --END-- [ RunTime:0.000577s ]
NOTIC: [8] Undefined index:  echostr /home/qjywxjqujiy7wbx/wwwroot/Weixin/App/Home/ORG/Wechat.class.php 第 14 行.
SQL: SHOW COLUMNS FROM `wx_wxuser` [ RunTime:0.001045s ]
SQL: SELECT `wxid` FROM `wx_wxuser` LIMIT 1   [ RunTime:0.000095s ]
SQL: SELECT `wxid` FROM `wx_wxuser` LIMIT 1   [ RunTime:0.000089s ]
NOTIC: [8] Undefined index:  Content /home/qjywxjqujiy7wbx/wwwroot/Weixin/App/Home/Action/WeixinAction.class.php 第 158 行.
SQL: SHOW COLUMNS FROM `wx_keyword` [ RunTime:0.000681s ]
SQL: SELECT * FROM `wx_keyword` WHERE ( `keyword` LIKE '%%' ) LIMIT 1   [ RunTime:0.000100s ]
SQL: SHOW COLUMNS FROM `wx_replynews` [ RunTime:0.000734s ]
SQL: SELECT * FROM `wx_replynews` WHERE ( `id` = 15 ) LIMIT 1   [ RunTime:0.000113s ]

[ 2016-04-15T09:43:36+08:00 ] 112.66.214.126 /Wap/artice/index?code=03184e0a78bdc4e9f6593bd2a1edd4cb&state=123
INFO: [ route_check ] --START--
INFO: CheckRoute Behavior ::run [ RunTime:0.000834s ]
INFO: [ route_check ] --END-- [ RunTime:0.000917s ]
INFO: [ app_begin ] --START--
INFO: ReadHtmlCache Behavior ::run [ RunTime:0.000485s ]
INFO: [ app_begin ] --END-- [ RunTime:0.000544s ]
SQL: SHOW COLUMNS FROM `wx_article` [ RunTime:0.001028s ]
SQL: SELECT * FROM `wx_article` WHERE ( `cate_id` = 1 ) ORDER BY id desc LIMIT 1000   [ RunTime:0.003428s ]
INFO: [ view_parse ] --START--
INFO: ParseTemplate Behavior ::run [ RunTime:0.010319s ]
INFO: [ view_parse ] --END-- [ RunTime:0.010396s ]
INFO: [ view_filter ] --START--
INFO: ContentReplace Behavior ::run [ RunTime:0.000335s ]
INFO: TokenBuild Behavior ::run [ RunTime:0.000338s ]
INFO: WriteHtmlCache Behavior ::run [ RunTime:0.000210s ]
INFO: ShowRuntime Behavior ::run [ RunTime:0.000426s ]
INFO: [ view_filter ] --END-- [ RunTime:0.001483s ]
INFO: [ view_end ] --START--
INFO: ShowPageTrace Behavior ::run [ RunTime:0.000689s ]
INFO: [ view_end ] --END-- [ RunTime:0.000755s ]

[ 2016-04-15T09:43:38+08:00 ] 112.66.214.126 /wap/artice/details/id/498
INFO: [ route_check ] --START--
INFO: CheckRoute Behavior ::run [ RunTime:0.001281s ]
INFO: [ route_check ] --END-- [ RunTime:0.001403s ]
INFO: [ app_begin ] --START--
INFO: ReadHtmlCache Behavior ::run [ RunTime:0.000526s ]
INFO: [ app_begin ] --END-- [ RunTime:0.000586s ]
SQL: SHOW COLUMNS FROM `wx_article` [ RunTime:0.000756s ]
SQL: SELECT * FROM `wx_article` WHERE ( `id` = 498 ) LIMIT 1   [ RunTime:0.000303s ]
INFO: [ view_parse ] --START--
INFO: ParseTemplate Behavior ::run [ RunTime:0.035302s ]
INFO: [ view_parse ] --END-- [ RunTime:0.035432s ]
INFO: [ view_filter ] --START--
INFO: ContentReplace Behavior ::run [ RunTime:0.000516s ]
INFO: TokenBuild Behavior ::run [ RunTime:0.000488s ]
INFO: WriteHtmlCache Behavior ::run [ RunTime:0.000287s ]
INFO: ShowRuntime Behavior ::run [ RunTime:0.000655s ]
INFO: [ view_filter ] --END-- [ RunTime:0.002224s ]
INFO: [ view_end ] --START--
INFO: ShowPageTrace Behavior ::run [ RunTime:0.001035s ]
INFO: [ view_end ] --END-- [ RunTime:0.001128s ]

[ 2016-04-15T09:44:58+08:00 ] 101.226.103.71 /weixin?signature=613e3efc82f1276aed93406959c8dcd84facb2f5&timestamp=1460684698&nonce=1224014865
INFO: [ route_check ] --START--
INFO: CheckRoute Behavior ::run [ RunTime:0.000874s ]
INFO: [ route_check ] --END-- [ RunTime:0.000998s ]
INFO: [ app_begin ] --START--
INFO: ReadHtmlCache Behavior ::run [ RunTime:0.000551s ]
INFO: [ app_begin ] --END-- [ RunTime:0.000612s ]
NOTIC: [8] Undefined index:  echostr /home/qjywxjqujiy7wbx/wwwroot/Weixin/App/Home/ORG/Wechat.class.php 第 14 行.
SQL: SHOW COLUMNS FROM `wx_wxuser` [ RunTime:0.000835s ]
SQL: SELECT `wxid` FROM `wx_wxuser` LIMIT 1   [ RunTime:0.000068s ]
SQL: SELECT `wxid` FROM `wx_wxuser` LIMIT 1   [ RunTime:0.000064s ]
SQL: SHOW COLUMNS FROM `wx_member` [ RunTime:0.000523s ]
SQL: SELECT `id` FROM `wx_member` WHERE ( `openid` = 'o5Wc0uAP4_Py3ygd6xmLAIS9hCKI' ) LIMIT 1   [ RunTime:0.000269s ]
SQL: UPDATE `wx_member` SET `status`=1,`unsub_time`=1460684698 WHERE ( `openid` = 'o5Wc0uAP4_Py3ygd6xmLAIS9hCKI' ) [ RunTime:0.000220s ]
NOTIC: [8] Undefined index:  Content /home/qjywxjqujiy7wbx/wwwroot/Weixin/App/Home/Action/WeixinAction.class.php 第 158 行.
SQL: SHOW COLUMNS FROM `wx_keyword` [ RunTime:0.000463s ]
SQL: SELECT * FROM `wx_keyword` WHERE ( `keyword` LIKE '%%' ) LIMIT 1   [ RunTime:0.000066s ]
SQL: SHOW COLUMNS FROM `wx_replynews` [ RunTime:0.000463s ]
SQL: SELECT * FROM `wx_replynews` WHERE ( `id` = 15 ) LIMIT 1   [ RunTime:0.000077s ]

[ 2016-04-15T09:45:06+08:00 ] 101.226.103.71 /weixin?signature=399c25e15f0232feb4fbac0dbe4745186b23611a&timestamp=1460684705&nonce=1645428436
INFO: [ route_check ] --START--
INFO: CheckRoute Behavior ::run [ RunTime:0.000918s ]
INFO: [ route_check ] --END-- [ RunTime:0.001087s ]
INFO: [ app_begin ] --START--
INFO: ReadHtmlCache Behavior ::run [ RunTime:0.000556s ]
INFO: [ app_begin ] --END-- [ RunTime:0.000638s ]
NOTIC: [8] Undefined index:  echostr /home/qjywxjqujiy7wbx/wwwroot/Weixin/App/Home/ORG/Wechat.class.php 第 14 行.
SQL: SHOW COLUMNS FROM `wx_wxuser` [ RunTime:0.000886s ]
SQL: SELECT `wxid` FROM `wx_wxuser` LIMIT 1   [ RunTime:0.000067s ]
SQL: SELECT `wxid` FROM `wx_wxuser` LIMIT 1   [ RunTime:0.000066s ]
SQL: SHOW COLUMNS FROM `wx_member` [ RunTime:0.000485s ]
SQL: SELECT `id` FROM `wx_member` WHERE ( `openid` = 'o5Wc0uAP4_Py3ygd6xmLAIS9hCKI' ) LIMIT 1   [ RunTime:0.000262s ]
SQL: SELECT `AppId`,`Secret`,`id` FROM `wx_wxuser` LIMIT 1   [ RunTime:0.000065s ]
SQL: UPDATE `wx_member` SET `headerpic`='http://wx.qlogo.cn/mmopen/LkWd8KagkeYUkj8423ib9EQPN1joyCj6Wsmia6aia8qwZ7aH5oj4GDW1UBJIc6KeSOYFicU3S539JdkM9icg61qGyicO63Oib6aMaIm/0',`wxname`='某个冬天',`sex`=1,`city`='海口',`province`='海南',`country`='中国',`status`=0,`sub_time`=1460684706 WHERE ( `openid` = 'o5Wc0uAP4_Py3ygd6xmLAIS9hCKI' ) [ RunTime:0.000401s ]
SQL: SELECT * FROM `wx_wxuser` LIMIT 1   [ RunTime:0.000083s ]

[ 2016-04-15T09:45:13+08:00 ] 101.226.103.71 /weixin?signature=233e33b9b0451ed711a5c757a188475584f74ac6&timestamp=1460684713&nonce=1212038258
INFO: [ route_check ] --START--
INFO: CheckRoute Behavior ::run [ RunTime:0.000880s ]
INFO: [ route_check ] --END-- [ RunTime:0.001004s ]
INFO: [ app_begin ] --START--
INFO: ReadHtmlCache Behavior ::run [ RunTime:0.000526s ]
INFO: [ app_begin ] --END-- [ RunTime:0.000585s ]
NOTIC: [8] Undefined index:  echostr /home/qjywxjqujiy7wbx/wwwroot/Weixin/App/Home/ORG/Wechat.class.php 第 14 行.
SQL: SHOW COLUMNS FROM `wx_wxuser` [ RunTime:0.000826s ]
SQL: SELECT `wxid` FROM `wx_wxuser` LIMIT 1   [ RunTime:0.000068s ]
SQL: SELECT `wxid` FROM `wx_wxuser` LIMIT 1   [ RunTime:0.000060s ]
NOTIC: [8] Undefined index:  Content /home/qjywxjqujiy7wbx/wwwroot/Weixin/App/Home/Action/WeixinAction.class.php 第 158 行.
SQL: SHOW COLUMNS FROM `wx_keyword` [ RunTime:0.000496s ]
SQL: SELECT * FROM `wx_keyword` WHERE ( `keyword` LIKE '%%' ) LIMIT 1   [ RunTime:0.000070s ]
SQL: SHOW COLUMNS FROM `wx_replynews` [ RunTime:0.000497s ]
SQL: SELECT * FROM `wx_replynews` WHERE ( `id` = 15 ) LIMIT 1   [ RunTime:0.000075s ]

[ 2016-04-15T09:45:13+08:00 ] 153.0.1.7 /Wap/artice/index?code=00111c10256366242587fc70dc73bbeQ&state=123
INFO: [ route_check ] --START--
INFO: CheckRoute Behavior ::run [ RunTime:0.000857s ]
INFO: [ route_check ] --END-- [ RunTime:0.000928s ]
INFO: [ app_begin ] --START--
INFO: ReadHtmlCache Behavior ::run [ RunTime:0.000499s ]
INFO: [ app_begin ] --END-- [ RunTime:0.000627s ]
SQL: SHOW COLUMNS FROM `wx_article` [ RunTime:0.000794s ]
SQL: SELECT * FROM `wx_article` WHERE ( `cate_id` = 1 ) ORDER BY id desc LIMIT 1000   [ RunTime:0.000091s ]
INFO: [ view_parse ] --START--
INFO: ParseTemplate Behavior ::run [ RunTime:0.009847s ]
INFO: [ view_parse ] --END-- [ RunTime:0.009923s ]
INFO: [ view_filter ] --START--
INFO: ContentReplace Behavior ::run [ RunTime:0.000310s ]
INFO: TokenBuild Behavior ::run [ RunTime:0.000302s ]
INFO: WriteHtmlCache Behavior ::run [ RunTime:0.000197s ]
INFO: ShowRuntime Behavior ::run [ RunTime:0.000477s ]
INFO: [ view_filter ] --END-- [ RunTime:0.001462s ]
INFO: [ view_end ] --START--
INFO: ShowPageTrace Behavior ::run [ RunTime:0.000782s ]
INFO: [ view_end ] --END-- [ RunTime:0.000844s ]

[ 2016-04-15T09:46:07+08:00 ] 153.0.1.7 /wap/artice/details/id/1
INFO: [ route_check ] --START--
INFO: CheckRoute Behavior ::run [ RunTime:0.001123s ]
INFO: [ route_check ] --END-- [ RunTime:0.001292s ]
INFO: [ app_begin ] --START--
INFO: ReadHtmlCache Behavior ::run [ RunTime:0.000690s ]
INFO: [ app_begin ] --END-- [ RunTime:0.000758s ]
SQL: SHOW COLUMNS FROM `wx_article` [ RunTime:0.000780s ]
SQL: SELECT * FROM `wx_article` WHERE ( `id` = 1 ) LIMIT 1   [ RunTime:0.000323s ]
INFO: [ view_parse ] --START--
INFO: ParseTemplate Behavior ::run [ RunTime:0.009385s ]
INFO: [ view_parse ] --END-- [ RunTime:0.009489s ]
INFO: [ view_filter ] --START--
INFO: ContentReplace Behavior ::run [ RunTime:0.000394s ]
INFO: TokenBuild Behavior ::run [ RunTime:0.000375s ]
INFO: WriteHtmlCache Behavior ::run [ RunTime:0.000239s ]
INFO: ShowRuntime Behavior ::run [ RunTime:0.000538s ]
INFO: [ view_filter ] --END-- [ RunTime:0.001769s ]
INFO: [ view_end ] --START--
INFO: ShowPageTrace Behavior ::run [ RunTime:0.000794s ]
INFO: [ view_end ] --END-- [ RunTime:0.000866s ]

[ 2016-04-15T09:46:20+08:00 ] 153.0.1.7 /Wap/artice/index?code=00111c10256366242587fc70dc73bbeQ&state=123
INFO: [ route_check ] --START--
INFO: CheckRoute Behavior ::run [ RunTime:0.000779s ]
INFO: [ route_check ] --END-- [ RunTime:0.000867s ]
INFO: [ app_begin ] --START--
INFO: ReadHtmlCache Behavior ::run [ RunTime:0.000462s ]
INFO: [ app_begin ] --END-- [ RunTime:0.000519s ]
SQL: SHOW COLUMNS FROM `wx_article` [ RunTime:0.000949s ]
SQL: SELECT * FROM `wx_article` WHERE ( `cate_id` = 1 ) ORDER BY id desc LIMIT 1000   [ RunTime:0.000155s ]
INFO: [ view_parse ] --START--
INFO: ParseTemplate Behavior ::run [ RunTime:0.014943s ]
INFO: [ view_parse ] --END-- [ RunTime:0.015057s ]
INFO: [ view_filter ] --START--
INFO: ContentReplace Behavior ::run [ RunTime:0.000415s ]
INFO: TokenBuild Behavior ::run [ RunTime:0.000438s ]
INFO: WriteHtmlCache Behavior ::run [ RunTime:0.000251s ]
INFO: ShowRuntime Behavior ::run [ RunTime:0.000657s ]
INFO: [ view_filter ] --END-- [ RunTime:0.002052s ]
INFO: [ view_end ] --START--
INFO: ShowPageTrace Behavior ::run [ RunTime:0.000973s ]
INFO: [ view_end ] --END-- [ RunTime:0.001069s ]

[ 2016-04-15T09:46:25+08:00 ] 101.226.103.71 /weixin?signature=30ae975871d951a822b656f965fcc18ff1a59765&timestamp=1460684785&nonce=201668043
INFO: [ route_check ] --START--
INFO: CheckRoute Behavior ::run [ RunTime:0.000839s ]
INFO: [ route_check ] --END-- [ RunTime:0.000971s ]
INFO: [ app_begin ] --START--
INFO: ReadHtmlCache Behavior ::run [ RunTime:0.000504s ]
INFO: [ app_begin ] --END-- [ RunTime:0.000563s ]
NOTIC: [8] Undefined index:  echostr /home/qjywxjqujiy7wbx/wwwroot/Weixin/App/Home/ORG/Wechat.class.php 第 14 行.
SQL: SHOW COLUMNS FROM `wx_wxuser` [ RunTime:0.001217s ]
SQL: SELECT `wxid` FROM `wx_wxuser` LIMIT 1   [ RunTime:0.000097s ]
SQL: SELECT `wxid` FROM `wx_wxuser` LIMIT 1   [ RunTime:0.000090s ]
NOTIC: [8] Undefined index:  Content /home/qjywxjqujiy7wbx/wwwroot/Weixin/App/Home/Action/WeixinAction.class.php 第 158 行.
SQL: SHOW COLUMNS FROM `wx_keyword` [ RunTime:0.000746s ]
SQL: SELECT * FROM `wx_keyword` WHERE ( `keyword` LIKE '%%' ) LIMIT 1   [ RunTime:0.000098s ]
SQL: SHOW COLUMNS FROM `wx_replynews` [ RunTime:0.001298s ]
SQL: SELECT * FROM `wx_replynews` WHERE ( `id` = 15 ) LIMIT 1   [ RunTime:0.000112s ]

[ 2016-04-15T09:46:25+08:00 ] 153.0.1.7 /Wap/artice/zwgklist?code=03186c163057085eda595b18067d651b&state=123
INFO: [ route_check ] --START--
INFO: CheckRoute Behavior ::run [ RunTime:0.001197s ]
INFO: [ route_check ] --END-- [ RunTime:0.001305s ]
INFO: [ app_begin ] --START--
INFO: ReadHtmlCache Behavior ::run [ RunTime:0.000719s ]
INFO: [ app_begin ] --END-- [ RunTime:0.000802s ]
SQL: SHOW COLUMNS FROM `wx_article` [ RunTime:0.001075s ]
SQL: SELECT * FROM `wx_article` WHERE ( `cate_id` = 4 ) ORDER BY id desc LIMIT 1000   [ RunTime:0.000100s ]
INFO: [ view_parse ] --START--
NOTIC: [8] Undefined index:  keyword /home/qjywxjqujiy7wbx/wwwroot/Weixin/Runtime/Cache/Wap/33c5cc52cc394bb785f4b92ac5d52bab.php 第 23 行.
INFO: ParseTemplate Behavior ::run [ RunTime:0.109619s ]
INFO: [ view_parse ] --END-- [ RunTime:0.109761s ]
INFO: [ view_filter ] --START--
INFO: ContentReplace Behavior ::run [ RunTime:0.000337s ]
INFO: TokenBuild Behavior ::run [ RunTime:0.000302s ]
INFO: WriteHtmlCache Behavior ::run [ RunTime:0.000284s ]
INFO: ShowRuntime Behavior ::run [ RunTime:0.000405s ]
INFO: [ view_filter ] --END-- [ RunTime:0.001505s ]
INFO: [ view_end ] --START--
INFO: ShowPageTrace Behavior ::run [ RunTime:0.000670s ]
INFO: [ view_end ] --END-- [ RunTime:0.000736s ]

[ 2016-04-15T09:46:38+08:00 ] 101.226.103.71 /weixin?signature=859dbb01c43256f2831b0e98896bc56204335cb1&timestamp=1460684797&nonce=1454447413
INFO: [ route_check ] --START--
INFO: CheckRoute Behavior ::run [ RunTime:0.000891s ]
INFO: [ route_check ] --END-- [ RunTime:0.001013s ]
INFO: [ app_begin ] --START--
INFO: ReadHtmlCache Behavior ::run [ RunTime:0.000577s ]
INFO: [ app_begin ] --END-- [ RunTime:0.000638s ]
NOTIC: [8] Undefined index:  echostr /home/qjywxjqujiy7wbx/wwwroot/Weixin/App/Home/ORG/Wechat.class.php 第 14 行.
SQL: SHOW COLUMNS FROM `wx_wxuser` [ RunTime:0.000861s ]
SQL: SELECT `wxid` FROM `wx_wxuser` LIMIT 1   [ RunTime:0.000079s ]
SQL: SELECT `wxid` FROM `wx_wxuser` LIMIT 1   [ RunTime:0.000074s ]
NOTIC: [8] Undefined index:  Content /home/qjywxjqujiy7wbx/wwwroot/Weixin/App/Home/Action/WeixinAction.class.php 第 158 行.
SQL: SHOW COLUMNS FROM `wx_keyword` [ RunTime:0.001119s ]
SQL: SELECT * FROM `wx_keyword` WHERE ( `keyword` LIKE '%%' ) LIMIT 1   [ RunTime:0.000083s ]
SQL: SHOW COLUMNS FROM `wx_replynews` [ RunTime:0.000560s ]
SQL: SELECT * FROM `wx_replynews` WHERE ( `id` = 15 ) LIMIT 1   [ RunTime:0.000091s ]

[ 2016-04-15T09:46:38+08:00 ] 153.0.1.7 /Wap/artice/troupelist?code=0418aafdd0d5ec172bf70ac73ae543fd&state=123
INFO: [ route_check ] --START--
INFO: CheckRoute Behavior ::run [ RunTime:0.000853s ]
INFO: [ route_check ] --END-- [ RunTime:0.000932s ]
INFO: [ app_begin ] --START--
INFO: ReadHtmlCache Behavior ::run [ RunTime:0.000523s ]
INFO: [ app_begin ] --END-- [ RunTime:0.000581s ]
SQL: SHOW COLUMNS FROM `wx_article` [ RunTime:0.000812s ]
SQL: SELECT * FROM `wx_article` WHERE ( `cate_id` = 3 ) ORDER BY id desc LIMIT 1000   [ RunTime:0.000089s ]
INFO: [ view_parse ] --START--
NOTIC: [8] Undefined index:  keyword /home/qjywxjqujiy7wbx/wwwroot/Weixin/Runtime/Cache/Wap/6aa39ffa8da54f6584f4cdff3757dd71.php 第 24 行.
INFO: ParseTemplate Behavior ::run [ RunTime:0.010405s ]
INFO: [ view_parse ] --END-- [ RunTime:0.010475s ]
INFO: [ view_filter ] --START--
INFO: ContentReplace Behavior ::run [ RunTime:0.000306s ]
INFO: TokenBuild Behavior ::run [ RunTime:0.000314s ]
INFO: WriteHtmlCache Behavior ::run [ RunTime:0.000262s ]
INFO: ShowRuntime Behavior ::run [ RunTime:0.000525s ]
INFO: [ view_filter ] --END-- [ RunTime:0.001598s ]
INFO: [ view_end ] --START--
INFO: ShowPageTrace Behavior ::run [ RunTime:0.000835s ]
INFO: [ view_end ] --END-- [ RunTime:0.000895s ]

[ 2016-04-15T09:46:45+08:00 ] 153.0.1.7 /wap/artice/troupedetails/id/492
INFO: [ route_check ] --START--
INFO: CheckRoute Behavior ::run [ RunTime:0.000860s ]
INFO: [ route_check ] --END-- [ RunTime:0.000936s ]
INFO: [ app_begin ] --START--
INFO: ReadHtmlCache Behavior ::run [ RunTime:0.000487s ]
INFO: [ app_begin ] --END-- [ RunTime:0.000554s ]
SQL: SHOW COLUMNS FROM `wx_article` [ RunTime:0.000873s ]
SQL: SELECT * FROM `wx_article` WHERE ( `id` = 492 ) LIMIT 1   [ RunTime:0.000078s ]
INFO: [ view_parse ] --START--
INFO: ParseTemplate Behavior ::run [ RunTime:0.009718s ]
INFO: [ view_parse ] --END-- [ RunTime:0.009799s ]
INFO: [ view_filter ] --START--
INFO: ContentReplace Behavior ::run [ RunTime:0.000318s ]
INFO: TokenBuild Behavior ::run [ RunTime:0.000307s ]
INFO: WriteHtmlCache Behavior ::run [ RunTime:0.000190s ]
INFO: ShowRuntime Behavior ::run [ RunTime:0.000430s ]
INFO: [ view_filter ] --END-- [ RunTime:0.001421s ]
INFO: [ view_end ] --START--
INFO: ShowPageTrace Behavior ::run [ RunTime:0.000751s ]
INFO: [ view_end ] --END-- [ RunTime:0.000824s ]

[ 2016-04-15T09:46:56+08:00 ] 153.0.1.7 /wap/artice/video/id/526
INFO: [ route_check ] --START--
INFO: CheckRoute Behavior ::run [ RunTime:0.000944s ]
INFO: [ route_check ] --END-- [ RunTime:0.001042s ]
INFO: [ app_begin ] --START--
INFO: ReadHtmlCache Behavior ::run [ RunTime:0.000602s ]
INFO: [ app_begin ] --END-- [ RunTime:0.000717s ]
SQL: SHOW COLUMNS FROM `wx_video` [ RunTime:0.016483s ]
SQL: SELECT * FROM `wx_video` WHERE ( `id` = 526 ) LIMIT 1   [ RunTime:0.000726s ]
SQL: SHOW COLUMNS FROM wx_comment c [ RunTime:0.000138s ]
ERR: 1064:You have an error in your SQL syntax; check the manual that corresponds to your MySQL server version for the right syntax to use near 'c' at line 1
 [ SQL语句 ] : SHOW COLUMNS FROM wx_comment c
SQL: SELECT c.*,m.wxname,m.headerpic FROM wx_comment c left join wx_member m on c.member_id=m.id WHERE ( c.cid=526 and c.type_id=1 ) ORDER BY c.id desc LIMIT 1000   [ RunTime:0.011689s ]
INFO: [ view_parse ] --START--
INFO: ParseTemplate Behavior ::run [ RunTime:0.013621s ]
INFO: [ view_parse ] --END-- [ RunTime:0.013705s ]
INFO: [ view_filter ] --START--
INFO: ContentReplace Behavior ::run [ RunTime:0.000750s ]
INFO: TokenBuild Behavior ::run [ RunTime:0.000315s ]
INFO: WriteHtmlCache Behavior ::run [ RunTime:0.000184s ]
INFO: ShowRuntime Behavior ::run [ RunTime:0.000384s ]
INFO: [ view_filter ] --END-- [ RunTime:0.001821s ]
INFO: [ view_end ] --START--
INFO: ShowPageTrace Behavior ::run [ RunTime:0.000622s ]
INFO: [ view_end ] --END-- [ RunTime:0.000696s ]

[ 2016-04-15T09:47:54+08:00 ] 153.0.1.7 /wap/artice/troupedetails/id/492
INFO: [ route_check ] --START--
INFO: CheckRoute Behavior ::run [ RunTime:0.000865s ]
INFO: [ route_check ] --END-- [ RunTime:0.000992s ]
INFO: [ app_begin ] --START--
INFO: ReadHtmlCache Behavior ::run [ RunTime:0.000510s ]
INFO: [ app_begin ] --END-- [ RunTime:0.000572s ]
SQL: SHOW COLUMNS FROM `wx_article` [ RunTime:0.001070s ]
SQL: SELECT * FROM `wx_article` WHERE ( `id` = 492 ) LIMIT 1   [ RunTime:0.000133s ]
INFO: [ view_parse ] --START--
INFO: ParseTemplate Behavior ::run [ RunTime:0.015096s ]
INFO: [ view_parse ] --END-- [ RunTime:0.015174s ]
INFO: [ view_filter ] --START--
INFO: ContentReplace Behavior ::run [ RunTime:0.000303s ]
INFO: TokenBuild Behavior ::run [ RunTime:0.000314s ]
INFO: WriteHtmlCache Behavior ::run [ RunTime:0.000209s ]
INFO: ShowRuntime Behavior ::run [ RunTime:0.000413s ]
INFO: [ view_filter ] --END-- [ RunTime:0.001412s ]
INFO: [ view_end ] --START--
INFO: ShowPageTrace Behavior ::run [ RunTime:0.000637s ]
INFO: [ view_end ] --END-- [ RunTime:0.000719s ]

[ 2016-04-15T09:48:44+08:00 ] 101.226.103.71 /weixin?signature=d6b3f9388fd294a15866beceaffdecfddaf882f3&timestamp=1460684924&nonce=386621042
INFO: [ route_check ] --START--
INFO: CheckRoute Behavior ::run [ RunTime:0.000888s ]
INFO: [ route_check ] --END-- [ RunTime:0.001040s ]
INFO: [ app_begin ] --START--
INFO: ReadHtmlCache Behavior ::run [ RunTime:0.000540s ]
INFO: [ app_begin ] --END-- [ RunTime:0.000605s ]
NOTIC: [8] Undefined index:  echostr /home/qjywxjqujiy7wbx/wwwroot/Weixin/App/Home/ORG/Wechat.class.php 第 14 行.
SQL: SHOW COLUMNS FROM `wx_wxuser` [ RunTime:0.001110s ]
SQL: SELECT `wxid` FROM `wx_wxuser` LIMIT 1   [ RunTime:0.000095s ]
SQL: SELECT `wxid` FROM `wx_wxuser` LIMIT 1   [ RunTime:0.000085s ]
NOTIC: [8] Undefined index:  Content /home/qjywxjqujiy7wbx/wwwroot/Weixin/App/Home/Action/WeixinAction.class.php 第 158 行.
SQL: SHOW COLUMNS FROM `wx_keyword` [ RunTime:0.000624s ]
SQL: SELECT * FROM `wx_keyword` WHERE ( `keyword` LIKE '%%' ) LIMIT 1   [ RunTime:0.000095s ]
SQL: SHOW COLUMNS FROM `wx_replynews` [ RunTime:0.000677s ]
SQL: SELECT * FROM `wx_replynews` WHERE ( `id` = 15 ) LIMIT 1   [ RunTime:0.000107s ]

[ 2016-04-15T09:48:45+08:00 ] 153.0.1.7 /Wap/artice/troupelist?code=001ac3b5a6cc3936bab046634dbbb82P&state=123
INFO: [ route_check ] --START--
INFO: CheckRoute Behavior ::run [ RunTime:0.000889s ]
INFO: [ route_check ] --END-- [ RunTime:0.000994s ]
INFO: [ app_begin ] --START--
INFO: ReadHtmlCache Behavior ::run [ RunTime:0.000534s ]
INFO: [ app_begin ] --END-- [ RunTime:0.000595s ]
SQL: SHOW COLUMNS FROM `wx_article` [ RunTime:0.000922s ]
SQL: SELECT * FROM `wx_article` WHERE ( `cate_id` = 3 ) ORDER BY id desc LIMIT 1000   [ RunTime:0.000154s ]
INFO: [ view_parse ] --START--
NOTIC: [8] Undefined index:  keyword /home/qjywxjqujiy7wbx/wwwroot/Weixin/Runtime/Cache/Wap/6aa39ffa8da54f6584f4cdff3757dd71.php 第 24 行.
INFO: ParseTemplate Behavior ::run [ RunTime:0.010192s ]
INFO: [ view_parse ] --END-- [ RunTime:0.010264s ]
INFO: [ view_filter ] --START--
INFO: ContentReplace Behavior ::run [ RunTime:0.000320s ]
INFO: TokenBuild Behavior ::run [ RunTime:0.000328s ]
INFO: WriteHtmlCache Behavior ::run [ RunTime:0.000210s ]
INFO: ShowRuntime Behavior ::run [ RunTime:0.000442s ]
INFO: [ view_filter ] --END-- [ RunTime:0.001471s ]
INFO: [ view_end ] --START--
INFO: ShowPageTrace Behavior ::run [ RunTime:0.000781s ]
INFO: [ view_end ] --END-- [ RunTime:0.000847s ]

[ 2016-04-15T09:48:52+08:00 ] 101.226.103.71 /weixin?signature=d759517fc79b640ae78638bebd1aa9eb0ab1a794&timestamp=1460684932&nonce=155296908
INFO: [ route_check ] --START--
INFO: CheckRoute Behavior ::run [ RunTime:0.000862s ]
INFO: [ route_check ] --END-- [ RunTime:0.000980s ]
INFO: [ app_begin ] --START--
INFO: ReadHtmlCache Behavior ::run [ RunTime:0.000525s ]
INFO: [ app_begin ] --END-- [ RunTime:0.000590s ]
NOTIC: [8] Undefined index:  echostr /home/qjywxjqujiy7wbx/wwwroot/Weixin/App/Home/ORG/Wechat.class.php 第 14 行.
SQL: SHOW COLUMNS FROM `wx_wxuser` [ RunTime:0.001193s ]
SQL: SELECT `wxid` FROM `wx_wxuser` LIMIT 1   [ RunTime:0.000096s ]
SQL: SELECT `wxid` FROM `wx_wxuser` LIMIT 1   [ RunTime:0.000127s ]
NOTIC: [8] Undefined index:  Content /home/qjywxjqujiy7wbx/wwwroot/Weixin/App/Home/Action/WeixinAction.class.php 第 158 行.
SQL: SHOW COLUMNS FROM `wx_keyword` [ RunTime:0.000667s ]
SQL: SELECT * FROM `wx_keyword` WHERE ( `keyword` LIKE '%%' ) LIMIT 1   [ RunTime:0.000101s ]
SQL: SHOW COLUMNS FROM `wx_replynews` [ RunTime:0.000755s ]
SQL: SELECT * FROM `wx_replynews` WHERE ( `id` = 15 ) LIMIT 1   [ RunTime:0.000109s ]

[ 2016-04-15T09:48:52+08:00 ] 153.0.1.7 /Wap/artice/newslist?code=031fcb40e2e1f2bc49e9e301368408dF&state=123
INFO: [ route_check ] --START--
INFO: CheckRoute Behavior ::run [ RunTime:0.000777s ]
INFO: [ route_check ] --END-- [ RunTime:0.000838s ]
INFO: [ app_begin ] --START--
INFO: ReadHtmlCache Behavior ::run [ RunTime:0.000460s ]
INFO: [ app_begin ] --END-- [ RunTime:0.000516s ]
SQL: SHOW COLUMNS FROM `wx_article` [ RunTime:0.000934s ]
SQL: SELECT * FROM `wx_article` WHERE ( `cate_id` = 2 ) ORDER BY id desc LIMIT 1000   [ RunTime:0.000888s ]
INFO: [ view_parse ] --START--
NOTIC: [8] Undefined index:  keyword /home/qjywxjqujiy7wbx/wwwroot/Weixin/Runtime/Cache/Wap/3b9fa8642cf8cd3949bfd54458b53926.php 第 23 行.
INFO: ParseTemplate Behavior ::run [ RunTime:0.026112s ]
INFO: [ view_parse ] --END-- [ RunTime:0.026216s ]
INFO: [ view_filter ] --START--
INFO: ContentReplace Behavior ::run [ RunTime:0.000412s ]
INFO: TokenBuild Behavior ::run [ RunTime:0.000325s ]
INFO: WriteHtmlCache Behavior ::run [ RunTime:0.000241s ]
INFO: ShowRuntime Behavior ::run [ RunTime:0.000394s ]
INFO: [ view_filter ] --END-- [ RunTime:0.001584s ]
INFO: [ view_end ] --START--
INFO: ShowPageTrace Behavior ::run [ RunTime:0.000642s ]
INFO: [ view_end ] --END-- [ RunTime:0.000736s ]

[ 2016-04-15T10:58:20+08:00 ] 112.66.214.126 /user/menu/index
INFO: [ route_check ] --START--
INFO: CheckRoute Behavior ::run [ RunTime:0.000870s ]
INFO: [ route_check ] --END-- [ RunTime:0.001000s ]
INFO: [ app_begin ] --START--
INFO: ReadHtmlCache Behavior ::run [ RunTime:0.000513s ]
INFO: [ app_begin ] --END-- [ RunTime:0.000586s ]
NOTIC: [8] A session had already been started - ignoring session_start() /home/qjywxjqujiy7wbx/wwwroot/Weixin/App/User/Action/BaseAction.class.php 第 2 行.
SQL: SHOW COLUMNS FROM `wx_menu` [ RunTime:0.001560s ]
SQL: SELECT * FROM `wx_menu`  [ RunTime:0.000368s ]
INFO: [ view_parse ] --START--
INFO: ParseTemplate Behavior ::run [ RunTime:0.058678s ]
INFO: [ view_parse ] --END-- [ RunTime:0.058789s ]
INFO: [ view_filter ] --START--
INFO: ContentReplace Behavior ::run [ RunTime:0.000513s ]
INFO: TokenBuild Behavior ::run [ RunTime:0.000502s ]
INFO: WriteHtmlCache Behavior ::run [ RunTime:0.000295s ]
INFO: ShowRuntime Behavior ::run [ RunTime:0.000679s ]
INFO: [ view_filter ] --END-- [ RunTime:0.002238s ]
INFO: [ view_end ] --START--
INFO: ShowPageTrace Behavior ::run [ RunTime:0.000927s ]
INFO: [ view_end ] --END-- [ RunTime:0.000999s ]

[ 2016-04-15T11:04:09+08:00 ] 112.66.214.126 /user/menu/edit/id/48
INFO: [ route_check ] --START--
INFO: CheckRoute Behavior ::run [ RunTime:0.000848s ]
INFO: [ route_check ] --END-- [ RunTime:0.000966s ]
INFO: [ app_begin ] --START--
INFO: ReadHtmlCache Behavior ::run [ RunTime:0.000525s ]
INFO: [ app_begin ] --END-- [ RunTime:0.000589s ]
NOTIC: [8] A session had already been started - ignoring session_start() /home/qjywxjqujiy7wbx/wwwroot/Weixin/App/User/Action/BaseAction.class.php 第 2 行.
SQL: SHOW COLUMNS FROM `wx_menu` [ RunTime:0.000819s ]
SQL: SELECT * FROM `wx_menu` WHERE ( `id` = 48 ) LIMIT 1   [ RunTime:0.000240s ]
SQL: SHOW COLUMNS FROM `wx_menu` [ RunTime:0.000526s ]
SQL: SELECT * FROM `wx_menu` WHERE ( `pid` = 0 )  [ RunTime:0.000246s ]
INFO: [ view_parse ] --START--
INFO: ParseTemplate Behavior ::run [ RunTime:0.027857s ]
INFO: [ view_parse ] --END-- [ RunTime:0.027938s ]
INFO: [ view_filter ] --START--
INFO: ContentReplace Behavior ::run [ RunTime:0.000311s ]
INFO: TokenBuild Behavior ::run [ RunTime:0.000307s ]
INFO: WriteHtmlCache Behavior ::run [ RunTime:0.000235s ]
INFO: ShowRuntime Behavior ::run [ RunTime:0.000405s ]
INFO: [ view_filter ] --END-- [ RunTime:0.001427s ]
INFO: [ view_end ] --START--
INFO: ShowPageTrace Behavior ::run [ RunTime:0.000672s ]
INFO: [ view_end ] --END-- [ RunTime:0.000730s ]

[ 2016-04-15T11:04:14+08:00 ] 112.66.214.126 /user/menu/edit/id/48
INFO: [ route_check ] --START--
INFO: CheckRoute Behavior ::run [ RunTime:0.000795s ]
INFO: [ route_check ] --END-- [ RunTime:0.000873s ]
INFO: [ app_begin ] --START--
INFO: ReadHtmlCache Behavior ::run [ RunTime:0.000497s ]
INFO: [ app_begin ] --END-- [ RunTime:0.000553s ]
NOTIC: [8] A session had already been started - ignoring session_start() /home/qjywxjqujiy7wbx/wwwroot/Weixin/App/User/Action/BaseAction.class.php 第 2 行.
SQL: SHOW COLUMNS FROM `wx_menu` [ RunTime:0.000819s ]
SQL: SELECT * FROM `wx_menu` WHERE ( `id` = 48 ) LIMIT 1   [ RunTime:0.000081s ]
SQL: SHOW COLUMNS FROM `wx_menu` [ RunTime:0.000443s ]
SQL: SELECT * FROM `wx_menu` WHERE ( `pid` = 0 )  [ RunTime:0.000071s ]
INFO: [ view_parse ] --START--
INFO: ParseTemplate Behavior ::run [ RunTime:0.017696s ]
INFO: [ view_parse ] --END-- [ RunTime:0.017759s ]
INFO: [ view_filter ] --START--
INFO: ContentReplace Behavior ::run [ RunTime:0.000347s ]
INFO: TokenBuild Behavior ::run [ RunTime:0.000316s ]
INFO: WriteHtmlCache Behavior ::run [ RunTime:0.000202s ]
INFO: ShowRuntime Behavior ::run [ RunTime:0.000422s ]
INFO: [ view_filter ] --END-- [ RunTime:0.001460s ]
INFO: [ view_end ] --START--
INFO: ShowPageTrace Behavior ::run [ RunTime:0.000636s ]
INFO: [ view_end ] --END-- [ RunTime:0.000692s ]

[ 2016-04-15T11:04:42+08:00 ] 112.66.214.126 /user/menu/update
INFO: [ route_check ] --START--
INFO: CheckRoute Behavior ::run [ RunTime:0.000857s ]
INFO: [ route_check ] --END-- [ RunTime:0.000989s ]
INFO: [ app_begin ] --START--
INFO: ReadHtmlCache Behavior ::run [ RunTime:0.000534s ]
INFO: [ app_begin ] --END-- [ RunTime:0.000596s ]
NOTIC: [8] A session had already been started - ignoring session_start() /home/qjywxjqujiy7wbx/wwwroot/Weixin/App/User/Action/BaseAction.class.php 第 2 行.
SQL: SHOW COLUMNS FROM `wx_menu` [ RunTime:0.000706s ]
SQL: UPDATE `wx_menu` SET `pid`='0',`title`='海南省琼剧院',`keyword`='',`url`='',`type`='click' WHERE ( `id` = '48' ) [ RunTime:0.000258s ]

[ 2016-04-15T11:04:45+08:00 ] 112.66.214.126 /user/menu/index
INFO: [ route_check ] --START--
INFO: CheckRoute Behavior ::run [ RunTime:0.000823s ]
INFO: [ route_check ] --END-- [ RunTime:0.000906s ]
INFO: [ app_begin ] --START--
INFO: ReadHtmlCache Behavior ::run [ RunTime:0.000489s ]
INFO: [ app_begin ] --END-- [ RunTime:0.000559s ]
NOTIC: [8] A session had already been started - ignoring session_start() /home/qjywxjqujiy7wbx/wwwroot/Weixin/App/User/Action/BaseAction.class.php 第 2 行.
SQL: SHOW COLUMNS FROM `wx_menu` [ RunTime:0.000724s ]
SQL: SELECT * FROM `wx_menu`  [ RunTime:0.000283s ]
INFO: [ view_parse ] --START--
INFO: ParseTemplate Behavior ::run [ RunTime:0.022076s ]
INFO: [ view_parse ] --END-- [ RunTime:0.022168s ]
INFO: [ view_filter ] --START--
INFO: ContentReplace Behavior ::run [ RunTime:0.000380s ]
INFO: TokenBuild Behavior ::run [ RunTime:0.000395s ]
INFO: WriteHtmlCache Behavior ::run [ RunTime:0.000216s ]
INFO: ShowRuntime Behavior ::run [ RunTime:0.000506s ]
INFO: [ view_filter ] --END-- [ RunTime:0.001670s ]
INFO: [ view_end ] --START--
INFO: ShowPageTrace Behavior ::run [ RunTime:0.000755s ]
INFO: [ view_end ] --END-- [ RunTime:0.000817s ]

[ 2016-04-15T11:06:49+08:00 ] 112.66.214.126 /user/menu/edit/id/57
INFO: [ route_check ] --START--
INFO: CheckRoute Behavior ::run [ RunTime:0.000946s ]
INFO: [ route_check ] --END-- [ RunTime:0.001079s ]
INFO: [ app_begin ] --START--
INFO: ReadHtmlCache Behavior ::run [ RunTime:0.000556s ]
INFO: [ app_begin ] --END-- [ RunTime:0.000621s ]
NOTIC: [8] A session had already been started - ignoring session_start() /home/qjywxjqujiy7wbx/wwwroot/Weixin/App/User/Action/BaseAction.class.php 第 2 行.
SQL: SHOW COLUMNS FROM `wx_menu` [ RunTime:0.001050s ]
SQL: SELECT * FROM `wx_menu` WHERE ( `id` = 57 ) LIMIT 1   [ RunTime:0.000406s ]
SQL: SHOW COLUMNS FROM `wx_menu` [ RunTime:0.000502s ]
SQL: SELECT * FROM `wx_menu` WHERE ( `pid` = 0 )  [ RunTime:0.000218s ]
INFO: [ view_parse ] --START--
INFO: ParseTemplate Behavior ::run [ RunTime:0.017615s ]
INFO: [ view_parse ] --END-- [ RunTime:0.017683s ]
INFO: [ view_filter ] --START--
INFO: ContentReplace Behavior ::run [ RunTime:0.000320s ]
INFO: TokenBuild Behavior ::run [ RunTime:0.000319s ]
INFO: WriteHtmlCache Behavior ::run [ RunTime:0.000217s ]
INFO: ShowRuntime Behavior ::run [ RunTime:0.000422s ]
INFO: [ view_filter ] --END-- [ RunTime:0.001449s ]
INFO: [ view_end ] --START--
INFO: ShowPageTrace Behavior ::run [ RunTime:0.000625s ]
INFO: [ view_end ] --END-- [ RunTime:0.000687s ]

[ 2016-04-15T11:06:59+08:00 ] 112.66.214.126 /user/menu/update
INFO: [ route_check ] --START--
INFO: CheckRoute Behavior ::run [ RunTime:0.000854s ]
INFO: [ route_check ] --END-- [ RunTime:0.000968s ]
INFO: [ app_begin ] --START--
INFO: ReadHtmlCache Behavior ::run [ RunTime:0.000526s ]
INFO: [ app_begin ] --END-- [ RunTime:0.000583s ]
NOTIC: [8] A session had already been started - ignoring session_start() /home/qjywxjqujiy7wbx/wwwroot/Weixin/App/User/Action/BaseAction.class.php 第 2 行.
SQL: SHOW COLUMNS FROM `wx_menu` [ RunTime:0.000730s ]
SQL: UPDATE `wx_menu` SET `pid`='48',`title`='院团名角介绍',`keyword`='',`url`='https://open.weixin.qq.com/connect/oauth2/authorize?appid=wx1cc1929d3b6c7b11&redirect_uri=http%3A%2F%2Fqjywx.cn.com%2FWap%2Fartice%2Ftroupelist&response_type=code&scope=snsapi_userinfo&state=123#wechat_redirect',`type`='view' WHERE ( `id` = '57' ) [ RunTime:0.000247s ]

[ 2016-04-15T11:07:02+08:00 ] 112.66.214.126 /user/menu/index
INFO: [ route_check ] --START--
INFO: CheckRoute Behavior ::run [ RunTime:0.000841s ]
INFO: [ route_check ] --END-- [ RunTime:0.000925s ]
INFO: [ app_begin ] --START--
INFO: ReadHtmlCache Behavior ::run [ RunTime:0.000483s ]
INFO: [ app_begin ] --END-- [ RunTime:0.000539s ]
NOTIC: [8] A session had already been started - ignoring session_start() /home/qjywxjqujiy7wbx/wwwroot/Weixin/App/User/Action/BaseAction.class.php 第 2 行.
SQL: SHOW COLUMNS FROM `wx_menu` [ RunTime:0.000852s ]
SQL: SELECT * FROM `wx_menu`  [ RunTime:0.000265s ]
INFO: [ view_parse ] --START--
INFO: ParseTemplate Behavior ::run [ RunTime:0.022960s ]
INFO: [ view_parse ] --END-- [ RunTime:0.023037s ]
INFO: [ view_filter ] --START--
INFO: ContentReplace Behavior ::run [ RunTime:0.000365s ]
INFO: TokenBuild Behavior ::run [ RunTime:0.000314s ]
INFO: WriteHtmlCache Behavior ::run [ RunTime:0.000215s ]
INFO: ShowRuntime Behavior ::run [ RunTime:0.000389s ]
INFO: [ view_filter ] --END-- [ RunTime:0.001444s ]
INFO: [ view_end ] --START--
INFO: ShowPageTrace Behavior ::run [ RunTime:0.000603s ]
INFO: [ view_end ] --END-- [ RunTime:0.000662s ]

[ 2016-04-15T11:07:48+08:00 ] 112.66.214.126 /user/menu/edit/id/49
INFO: [ route_check ] --START--
INFO: CheckRoute Behavior ::run [ RunTime:0.000872s ]
INFO: [ route_check ] --END-- [ RunTime:0.000995s ]
INFO: [ app_begin ] --START--
INFO: ReadHtmlCache Behavior ::run [ RunTime:0.000562s ]
INFO: [ app_begin ] --END-- [ RunTime:0.000649s ]
NOTIC: [8] A session had already been started - ignoring session_start() /home/qjywxjqujiy7wbx/wwwroot/Weixin/App/User/Action/BaseAction.class.php 第 2 行.
SQL: SHOW COLUMNS FROM `wx_menu` [ RunTime:0.000729s ]
SQL: SELECT * FROM `wx_menu` WHERE ( `id` = 49 ) LIMIT 1   [ RunTime:0.000245s ]
SQL: SHOW COLUMNS FROM `wx_menu` [ RunTime:0.000456s ]
SQL: SELECT * FROM `wx_menu` WHERE ( `pid` = 0 )  [ RunTime:0.000236s ]
INFO: [ view_parse ] --START--
INFO: ParseTemplate Behavior ::run [ RunTime:0.018667s ]
INFO: [ view_parse ] --END-- [ RunTime:0.018739s ]
INFO: [ view_filter ] --START--
INFO: ContentReplace Behavior ::run [ RunTime:0.000387s ]
INFO: TokenBuild Behavior ::run [ RunTime:0.000316s ]
INFO: WriteHtmlCache Behavior ::run [ RunTime:0.000214s ]
INFO: ShowRuntime Behavior ::run [ RunTime:0.000374s ]
INFO: [ view_filter ] --END-- [ RunTime:0.001448s ]
INFO: [ view_end ] --START--
INFO: ShowPageTrace Behavior ::run [ RunTime:0.000650s ]
INFO: [ view_end ] --END-- [ RunTime:0.000706s ]

[ 2016-04-15T11:07:52+08:00 ] 112.66.214.126 /user/menu/update
INFO: [ route_check ] --START--
INFO: CheckRoute Behavior ::run [ RunTime:0.000862s ]
INFO: [ route_check ] --END-- [ RunTime:0.000997s ]
INFO: [ app_begin ] --START--
INFO: ReadHtmlCache Behavior ::run [ RunTime:0.000528s ]
INFO: [ app_begin ] --END-- [ RunTime:0.000585s ]
NOTIC: [8] A session had already been started - ignoring session_start() /home/qjywxjqujiy7wbx/wwwroot/Weixin/App/User/Action/BaseAction.class.php 第 2 行.
SQL: SHOW COLUMNS FROM `wx_menu` [ RunTime:0.000822s ]
SQL: UPDATE `wx_menu` SET `pid`='0',`title`='演出及动态',`keyword`='',`url`='',`type`='click' WHERE ( `id` = '49' ) [ RunTime:0.000397s ]

[ 2016-04-15T11:07:55+08:00 ] 112.66.214.126 /user/menu/index
INFO: [ route_check ] --START--
INFO: CheckRoute Behavior ::run [ RunTime:0.000858s ]
INFO: [ route_check ] --END-- [ RunTime:0.000939s ]
INFO: [ app_begin ] --START--
INFO: ReadHtmlCache Behavior ::run [ RunTime:0.000523s ]
INFO: [ app_begin ] --END-- [ RunTime:0.000583s ]
NOTIC: [8] A session had already been started - ignoring session_start() /home/qjywxjqujiy7wbx/wwwroot/Weixin/App/User/Action/BaseAction.class.php 第 2 行.
SQL: SHOW COLUMNS FROM `wx_menu` [ RunTime:0.000824s ]
SQL: SELECT * FROM `wx_menu`  [ RunTime:0.000247s ]
INFO: [ view_parse ] --START--
INFO: ParseTemplate Behavior ::run [ RunTime:0.020324s ]
INFO: [ view_parse ] --END-- [ RunTime:0.020410s ]
INFO: [ view_filter ] --START--
INFO: ContentReplace Behavior ::run [ RunTime:0.000359s ]
INFO: TokenBuild Behavior ::run [ RunTime:0.000314s ]
INFO: WriteHtmlCache Behavior ::run [ RunTime:0.000209s ]
INFO: ShowRuntime Behavior ::run [ RunTime:0.000426s ]
INFO: [ view_filter ] --END-- [ RunTime:0.001476s ]
INFO: [ view_end ] --START--
INFO: ShowPageTrace Behavior ::run [ RunTime:0.000665s ]
INFO: [ view_end ] --END-- [ RunTime:0.000726s ]

[ 2016-04-15T11:08:14+08:00 ] 112.66.214.126 /user/menu/edit/id/51
INFO: [ route_check ] --START--
INFO: CheckRoute Behavior ::run [ RunTime:0.000837s ]
INFO: [ route_check ] --END-- [ RunTime:0.000985s ]
INFO: [ app_begin ] --START--
INFO: ReadHtmlCache Behavior ::run [ RunTime:0.000556s ]
INFO: [ app_begin ] --END-- [ RunTime:0.000623s ]
NOTIC: [8] A session had already been started - ignoring session_start() /home/qjywxjqujiy7wbx/wwwroot/Weixin/App/User/Action/BaseAction.class.php 第 2 行.
SQL: SHOW COLUMNS FROM `wx_menu` [ RunTime:0.000800s ]
SQL: SELECT * FROM `wx_menu` WHERE ( `id` = 51 ) LIMIT 1   [ RunTime:0.000286s ]
SQL: SHOW COLUMNS FROM `wx_menu` [ RunTime:0.000495s ]
SQL: SELECT * FROM `wx_menu` WHERE ( `pid` = 0 )  [ RunTime:0.000184s ]
INFO: [ view_parse ] --START--
INFO: ParseTemplate Behavior ::run [ RunTime:0.020465s ]
INFO: [ view_parse ] --END-- [ RunTime:0.020555s ]
INFO: [ view_filter ] --START--
INFO: ContentReplace Behavior ::run [ RunTime:0.000429s ]
INFO: TokenBuild Behavior ::run [ RunTime:0.000338s ]
INFO: WriteHtmlCache Behavior ::run [ RunTime:0.000197s ]
INFO: ShowRuntime Behavior ::run [ RunTime:0.000548s ]
INFO: [ view_filter ] --END-- [ RunTime:0.001688s ]
INFO: [ view_end ] --START--
INFO: ShowPageTrace Behavior ::run [ RunTime:0.000657s ]
INFO: [ view_end ] --END-- [ RunTime:0.000716s ]

[ 2016-04-15T11:10:37+08:00 ] 112.66.214.126 /user/menu/update
INFO: [ route_check ] --START--
INFO: CheckRoute Behavior ::run [ RunTime:0.000868s ]
INFO: [ route_check ] --END-- [ RunTime:0.001005s ]
INFO: [ app_begin ] --START--
INFO: ReadHtmlCache Behavior ::run [ RunTime:0.000551s ]
INFO: [ app_begin ] --END-- [ RunTime:0.000608s ]
NOTIC: [8] A session had already been started - ignoring session_start() /home/qjywxjqujiy7wbx/wwwroot/Weixin/App/User/Action/BaseAction.class.php 第 2 行.
SQL: SHOW COLUMNS FROM `wx_menu` [ RunTime:0.000841s ]
SQL: UPDATE `wx_menu` SET `pid`='50',`title`='音频',`keyword`='',`url`='https://open.weixin.qq.com/connect/oauth2/authorize?appid=wx1cc1929d3b6c7b11&redirect_uri=http%3A%2F%2Fqjywx.cn.com%2FWap%2Fartice%2Fmedia_audio&response_type=code&scope=snsapi_userinfo&state=123#wechat_redirect',`type`='view' WHERE ( `id` = '51' ) [ RunTime:0.000230s ]

[ 2016-04-15T11:10:39+08:00 ] 112.66.214.126 /user/menu/index
INFO: [ route_check ] --START--
INFO: CheckRoute Behavior ::run [ RunTime:0.000820s ]
INFO: [ route_check ] --END-- [ RunTime:0.000898s ]
INFO: [ app_begin ] --START--
INFO: ReadHtmlCache Behavior ::run [ RunTime:0.000485s ]
INFO: [ app_begin ] --END-- [ RunTime:0.000561s ]
NOTIC: [8] A session had already been started - ignoring session_start() /home/qjywxjqujiy7wbx/wwwroot/Weixin/App/User/Action/BaseAction.class.php 第 2 行.
SQL: SHOW COLUMNS FROM `wx_menu` [ RunTime:0.000961s ]
SQL: SELECT * FROM `wx_menu`  [ RunTime:0.000095s ]
INFO: [ view_parse ] --START--
INFO: ParseTemplate Behavior ::run [ RunTime:0.032035s ]
INFO: [ view_parse ] --END-- [ RunTime:0.032165s ]
INFO: [ view_filter ] --START--
INFO: ContentReplace Behavior ::run [ RunTime:0.000504s ]
INFO: TokenBuild Behavior ::run [ RunTime:0.000457s ]
INFO: WriteHtmlCache Behavior ::run [ RunTime:0.000270s ]
INFO: ShowRuntime Behavior ::run [ RunTime:0.000603s ]
INFO: [ view_filter ] --END-- [ RunTime:0.002124s ]
INFO: [ view_end ] --START--
INFO: ShowPageTrace Behavior ::run [ RunTime:0.000663s ]
INFO: [ view_end ] --END-- [ RunTime:0.000733s ]

