[ 2016-04-08T23:56:22+08:00 ] 127.0.0.1 /
INFO: [ app_begin ] --START--
INFO: ReadHtmlCache Behavior ::run [ RunTime:0.001332s ]
INFO: [ app_begin ] --END-- [ RunTime:0.001539s ]

[ 2016-04-08T23:56:27+08:00 ] 127.0.0.1 /user
INFO: [ route_check ] --START--
INFO: CheckRoute Behavior ::run [ RunTime:0.001491s ]
INFO: [ route_check ] --END-- [ RunTime:0.001675s ]
INFO: [ app_begin ] --START--
INFO: ReadHtmlCache Behavior ::run [ RunTime:0.001729s ]
INFO: [ app_begin ] --END-- [ RunTime:0.001905s ]
NOTIC: [8] A session had already been started - ignoring session_start() D:\wamp\www\test\Weixin\App\User\Action\BaseAction.class.php 第 2 行.

[ 2016-04-08T23:56:27+08:00 ] 127.0.0.1 /install/index
INFO: [ route_check ] --START--
INFO: CheckRoute Behavior ::run [ RunTime:0.001435s ]
INFO: [ route_check ] --END-- [ RunTime:0.001624s ]
INFO: [ app_begin ] --START--
INFO: ReadHtmlCache Behavior ::run [ RunTime:0.001221s ]
INFO: [ app_begin ] --END-- [ RunTime:0.001385s ]
ERR: 无法加载模块:Install

[ 2016-04-08T23:56:34+08:00 ] 127.0.0.1 /user/index
INFO: [ route_check ] --START--
INFO: CheckRoute Behavior ::run [ RunTime:0.001474s ]
INFO: [ route_check ] --END-- [ RunTime:0.001659s ]
INFO: [ app_begin ] --START--
INFO: ReadHtmlCache Behavior ::run [ RunTime:0.001224s ]
INFO: [ app_begin ] --END-- [ RunTime:0.001400s ]
NOTIC: [8] A session had already been started - ignoring session_start() D:\wamp\www\test\Weixin\App\User\Action\BaseAction.class.php 第 2 行.

[ 2016-04-08T23:56:34+08:00 ] 127.0.0.1 /install/index
INFO: [ route_check ] --START--
INFO: CheckRoute Behavior ::run [ RunTime:0.001505s ]
INFO: [ route_check ] --END-- [ RunTime:0.001691s ]
INFO: [ app_begin ] --START--
INFO: ReadHtmlCache Behavior ::run [ RunTime:0.001377s ]
INFO: [ app_begin ] --END-- [ RunTime:0.001552s ]
ERR: 无法加载模块:Install

[ 2016-04-08T23:56:49+08:00 ] 127.0.0.1 /user
INFO: [ route_check ] --START--
INFO: CheckRoute Behavior ::run [ RunTime:0.001534s ]
INFO: [ route_check ] --END-- [ RunTime:0.001727s ]
INFO: [ app_begin ] --START--
INFO: ReadHtmlCache Behavior ::run [ RunTime:0.001203s ]
INFO: [ app_begin ] --END-- [ RunTime:0.001373s ]
NOTIC: [8] A session had already been started - ignoring session_start() D:\wamp\www\test\Weixin\App\User\Action\BaseAction.class.php 第 2 行.

[ 2016-04-08T23:56:49+08:00 ] 127.0.0.1 /user/login/index
INFO: [ route_check ] --START--
INFO: CheckRoute Behavior ::run [ RunTime:0.001784s ]
INFO: [ route_check ] --END-- [ RunTime:0.001991s ]
INFO: [ app_begin ] --START--
INFO: ReadHtmlCache Behavior ::run [ RunTime:0.001210s ]
INFO: [ app_begin ] --END-- [ RunTime:0.001383s ]
INFO: [ view_parse ] --START--
INFO: ParseTemplate Behavior ::run [ RunTime:0.014191s ]
INFO: [ view_parse ] --END-- [ RunTime:0.014378s ]
INFO: [ view_filter ] --START--
INFO: ContentReplace Behavior ::run [ RunTime:0.001133s ]
INFO: TokenBuild Behavior ::run [ RunTime:0.001282s ]
INFO: WriteHtmlCache Behavior ::run [ RunTime:0.000938s ]
INFO: ShowRuntime Behavior ::run [ RunTime:0.001202s ]
INFO: [ view_filter ] --END-- [ RunTime:0.005004s ]
INFO: [ view_end ] --START--
INFO: ShowPageTrace Behavior ::run [ RunTime:0.001272s ]
INFO: [ view_end ] --END-- [ RunTime:0.001427s ]

[ 2016-04-08T23:56:53+08:00 ] 127.0.0.1 /user/login/index
INFO: [ route_check ] --START--
INFO: CheckRoute Behavior ::run [ RunTime:0.001453s ]
INFO: [ route_check ] --END-- [ RunTime:0.001638s ]
INFO: [ app_begin ] --START--
INFO: ReadHtmlCache Behavior ::run [ RunTime:0.001195s ]
INFO: [ app_begin ] --END-- [ RunTime:0.001368s ]
INFO: [ view_parse ] --START--
INFO: ParseTemplate Behavior ::run [ RunTime:0.013702s ]
INFO: [ view_parse ] --END-- [ RunTime:0.013885s ]
INFO: [ view_filter ] --START--
INFO: ContentReplace Behavior ::run [ RunTime:0.001147s ]
INFO: TokenBuild Behavior ::run [ RunTime:0.001074s ]
INFO: WriteHtmlCache Behavior ::run [ RunTime:0.000927s ]
INFO: ShowRuntime Behavior ::run [ RunTime:0.001165s ]
INFO: [ view_filter ] --END-- [ RunTime:0.004760s ]
INFO: [ view_end ] --START--
INFO: ShowPageTrace Behavior ::run [ RunTime:0.001242s ]
INFO: [ view_end ] --END-- [ RunTime:0.001399s ]

[ 2016-04-08T23:56:55+08:00 ] 127.0.0.1 /user/login/checkLogin
INFO: [ route_check ] --START--
INFO: CheckRoute Behavior ::run [ RunTime:0.001346s ]
INFO: [ route_check ] --END-- [ RunTime:0.001526s ]
INFO: [ app_begin ] --START--
INFO: ReadHtmlCache Behavior ::run [ RunTime:0.001078s ]
INFO: [ app_begin ] --END-- [ RunTime:0.001227s ]
NOTIC: [8] Use of undefined constant is_POST - assumed 'is_POST' D:\wamp\www\test\Weixin\App\User\Action\LoginAction.class.php 第 17 行.
NOTIC: 建议使用I方法替代_post
NOTIC: 建议使用I方法替代_post

[ 2016-04-08T23:57:41+08:00 ] 127.0.0.1 /user/login/index
INFO: [ route_check ] --START--
INFO: CheckRoute Behavior ::run [ RunTime:0.001635s ]
INFO: [ route_check ] --END-- [ RunTime:0.001828s ]
INFO: [ app_begin ] --START--
INFO: ReadHtmlCache Behavior ::run [ RunTime:0.001088s ]
INFO: [ app_begin ] --END-- [ RunTime:0.001260s ]
INFO: [ view_parse ] --START--
INFO: ParseTemplate Behavior ::run [ RunTime:0.014125s ]
INFO: [ view_parse ] --END-- [ RunTime:0.014352s ]
INFO: [ view_filter ] --START--
INFO: ContentReplace Behavior ::run [ RunTime:0.001238s ]
INFO: TokenBuild Behavior ::run [ RunTime:0.001754s ]
INFO: WriteHtmlCache Behavior ::run [ RunTime:0.000837s ]
INFO: ShowRuntime Behavior ::run [ RunTime:0.001091s ]
INFO: [ view_filter ] --END-- [ RunTime:0.005413s ]
INFO: [ view_end ] --START--
INFO: ShowPageTrace Behavior ::run [ RunTime:0.001196s ]
INFO: [ view_end ] --END-- [ RunTime:0.001358s ]

[ 2016-04-08T23:57:53+08:00 ] 127.0.0.1 /user/login/checkLogin
INFO: [ route_check ] --START--
INFO: CheckRoute Behavior ::run [ RunTime:0.001351s ]
INFO: [ route_check ] --END-- [ RunTime:0.001538s ]
INFO: [ app_begin ] --START--
INFO: ReadHtmlCache Behavior ::run [ RunTime:0.001081s ]
INFO: [ app_begin ] --END-- [ RunTime:0.001234s ]
NOTIC: [8] Use of undefined constant is_POST - assumed 'is_POST' D:\wamp\www\test\Weixin\App\User\Action\LoginAction.class.php 第 17 行.
NOTIC: 建议使用I方法替代_post
NOTIC: 建议使用I方法替代_post
NOTIC: [8] Undefined variable: verify D:\wamp\www\test\Weixin\App\User\Action\LoginAction.class.php 第 30 行.
SQL: SHOW COLUMNS FROM `wx_admin` [ RunTime:0.004662s ]
SQL: SELECT * FROM `wx_admin` WHERE ( `username` = 'qjy' ) LIMIT 1   [ RunTime:0.000436s ]
SQL: SHOW COLUMNS FROM `wx_wxuser` [ RunTime:0.004874s ]
SQL: SELECT * FROM `wx_wxuser` ORDER BY id desc LIMIT 1   [ RunTime:0.000496s ]

[ 2016-04-08T23:57:56+08:00 ] 127.0.0.1 /user/wxuser/set
INFO: [ route_check ] --START--
INFO: CheckRoute Behavior ::run [ RunTime:0.001150s ]
INFO: [ route_check ] --END-- [ RunTime:0.001345s ]
INFO: [ app_begin ] --START--
INFO: ReadHtmlCache Behavior ::run [ RunTime:0.000899s ]
INFO: [ app_begin ] --END-- [ RunTime:0.001077s ]
NOTIC: [8] A session had already been started - ignoring session_start() D:\wamp\www\test\Weixin\App\User\Action\BaseAction.class.php 第 2 行.
SQL: SHOW COLUMNS FROM `wx_wxuser` [ RunTime:0.004113s ]
SQL: SELECT * FROM `wx_wxuser` LIMIT 1   [ RunTime:0.000448s ]
INFO: [ view_parse ] --START--
INFO: ParseTemplate Behavior ::run [ RunTime:0.034213s ]
INFO: [ view_parse ] --END-- [ RunTime:0.034393s ]
INFO: [ view_filter ] --START--
INFO: ContentReplace Behavior ::run [ RunTime:0.001143s ]
INFO: TokenBuild Behavior ::run [ RunTime:0.001058s ]
INFO: WriteHtmlCache Behavior ::run [ RunTime:0.001151s ]
INFO: ShowRuntime Behavior ::run [ RunTime:0.001108s ]
INFO: [ view_filter ] --END-- [ RunTime:0.004974s ]
INFO: [ view_end ] --START--
INFO: ShowPageTrace Behavior ::run [ RunTime:0.001172s ]
INFO: [ view_end ] --END-- [ RunTime:0.001325s ]

[ 2016-04-08T23:58:53+08:00 ] 127.0.0.1 /user/wxuser/set
INFO: [ route_check ] --START--
INFO: CheckRoute Behavior ::run [ RunTime:0.001175s ]
INFO: [ route_check ] --END-- [ RunTime:0.001357s ]
INFO: [ app_begin ] --START--
INFO: ReadHtmlCache Behavior ::run [ RunTime:0.001150s ]
INFO: [ app_begin ] --END-- [ RunTime:0.001350s ]
NOTIC: [8] A session had already been started - ignoring session_start() D:\wamp\www\test\Weixin\App\User\Action\BaseAction.class.php 第 2 行.
SQL: SHOW COLUMNS FROM `wx_wxuser` [ RunTime:0.004722s ]
ERR: 1146:Table 'qjy.wx_wxuser' doesn't exist
 [ SQL语句 ] : SHOW COLUMNS FROM `wx_wxuser`
SQL: SELECT * FROM `wx_wxuser` LIMIT 1   [ RunTime:0.000440s ]
ERR: 1146:Table 'qjy.wx_wxuser' doesn't exist
 [ SQL语句 ] : SELECT * FROM `wx_wxuser` LIMIT 1  
INFO: [ view_parse ] --START--
INFO: ParseTemplate Behavior ::run [ RunTime:0.035670s ]
INFO: [ view_parse ] --END-- [ RunTime:0.035855s ]
INFO: [ view_filter ] --START--
INFO: ContentReplace Behavior ::run [ RunTime:0.001146s ]
INFO: TokenBuild Behavior ::run [ RunTime:0.001219s ]
INFO: WriteHtmlCache Behavior ::run [ RunTime:0.000810s ]
INFO: ShowRuntime Behavior ::run [ RunTime:0.001220s ]
INFO: [ view_filter ] --END-- [ RunTime:0.004864s ]
INFO: [ view_end ] --START--
INFO: ShowPageTrace Behavior ::run [ RunTime:0.001490s ]
INFO: [ view_end ] --END-- [ RunTime:0.001666s ]

[ 2016-04-08T23:58:53+08:00 ] 127.0.0.1 /user/wxuser/set
INFO: [ route_check ] --START--
INFO: CheckRoute Behavior ::run [ RunTime:0.001680s ]
INFO: [ route_check ] --END-- [ RunTime:0.001869s ]
INFO: [ app_begin ] --START--
INFO: ReadHtmlCache Behavior ::run [ RunTime:0.001427s ]
INFO: [ app_begin ] --END-- [ RunTime:0.001618s ]
NOTIC: [8] A session had already been started - ignoring session_start() D:\wamp\www\test\Weixin\App\User\Action\BaseAction.class.php 第 2 行.
SQL: SHOW COLUMNS FROM `wx_wxuser` [ RunTime:0.004370s ]
ERR: 1146:Table 'qjy.wx_wxuser' doesn't exist
 [ SQL语句 ] : SHOW COLUMNS FROM `wx_wxuser`
SQL: SELECT * FROM `wx_wxuser` LIMIT 1   [ RunTime:0.000545s ]
ERR: 1146:Table 'qjy.wx_wxuser' doesn't exist
 [ SQL语句 ] : SELECT * FROM `wx_wxuser` LIMIT 1  
INFO: [ view_parse ] --START--
INFO: ParseTemplate Behavior ::run [ RunTime:0.034121s ]
INFO: [ view_parse ] --END-- [ RunTime:0.034323s ]
INFO: [ view_filter ] --START--
INFO: ContentReplace Behavior ::run [ RunTime:0.001259s ]
INFO: TokenBuild Behavior ::run [ RunTime:0.001108s ]
INFO: WriteHtmlCache Behavior ::run [ RunTime:0.000918s ]
INFO: ShowRuntime Behavior ::run [ RunTime:0.001438s ]
INFO: [ view_filter ] --END-- [ RunTime:0.005263s ]
INFO: [ view_end ] --START--
INFO: ShowPageTrace Behavior ::run [ RunTime:0.001400s ]
INFO: [ view_end ] --END-- [ RunTime:0.001568s ]

[ 2016-04-08T23:58:54+08:00 ] 127.0.0.1 /index.php/user/menu/index
INFO: [ route_check ] --START--
INFO: CheckRoute Behavior ::run [ RunTime:0.001465s ]
INFO: [ route_check ] --END-- [ RunTime:0.001651s ]
INFO: [ app_begin ] --START--
INFO: ReadHtmlCache Behavior ::run [ RunTime:0.001217s ]
INFO: [ app_begin ] --END-- [ RunTime:0.001385s ]
NOTIC: [8] A session had already been started - ignoring session_start() D:\wamp\www\test\Weixin\App\User\Action\BaseAction.class.php 第 2 行.
SQL: SHOW COLUMNS FROM `wx_menu` [ RunTime:0.003622s ]
ERR: 1146:Table 'qjy.wx_menu' doesn't exist
 [ SQL语句 ] : SHOW COLUMNS FROM `wx_menu`
SQL: SELECT * FROM `wx_menu`  [ RunTime:0.000513s ]
ERR: 1146:Table 'qjy.wx_menu' doesn't exist
 [ SQL语句 ] : SELECT * FROM `wx_menu` 
NOTIC: [2] Invalid argument supplied for foreach() D:\wamp\www\test\Weixin\App\User\Action\MenuAction.class.php 第 47 行.
INFO: [ view_parse ] --START--
INFO: ParseTemplate Behavior ::run [ RunTime:0.036959s ]
INFO: [ view_parse ] --END-- [ RunTime:0.037177s ]
INFO: [ view_filter ] --START--
INFO: ContentReplace Behavior ::run [ RunTime:0.001260s ]
INFO: TokenBuild Behavior ::run [ RunTime:0.001072s ]
INFO: WriteHtmlCache Behavior ::run [ RunTime:0.000878s ]
INFO: ShowRuntime Behavior ::run [ RunTime:0.001159s ]
INFO: [ view_filter ] --END-- [ RunTime:0.004825s ]
INFO: [ view_end ] --START--
INFO: ShowPageTrace Behavior ::run [ RunTime:0.001294s ]
INFO: [ view_end ] --END-- [ RunTime:0.001449s ]

[ 2016-04-08T23:58:55+08:00 ] 127.0.0.1 /index.php/user/replynews/index
INFO: [ route_check ] --START--
INFO: CheckRoute Behavior ::run [ RunTime:0.001576s ]
INFO: [ route_check ] --END-- [ RunTime:0.001807s ]
INFO: [ app_begin ] --START--
INFO: ReadHtmlCache Behavior ::run [ RunTime:0.001202s ]
INFO: [ app_begin ] --END-- [ RunTime:0.001374s ]
NOTIC: [8] A session had already been started - ignoring session_start() D:\wamp\www\test\Weixin\App\User\Action\BaseAction.class.php 第 2 行.
SQL: SHOW COLUMNS FROM `wx_replynews` [ RunTime:0.003292s ]
ERR: 1146:Table 'qjy.wx_replynews' doesn't exist
 [ SQL语句 ] : SHOW COLUMNS FROM `wx_replynews`
NOTIC: [2] Invalid argument supplied for foreach() D:\wamp\www\test\Weixin\App\User\Action\BaseAction.class.php 第 59 行.
SQL: SELECT COUNT(id) AS tp_count FROM `wx_replynews` LIMIT 1   [ RunTime:0.000530s ]
ERR: 1146:Table 'qjy.wx_replynews' doesn't exist
 [ SQL语句 ] : SELECT COUNT(id) AS tp_count FROM `wx_replynews` LIMIT 1  
INFO: [ view_parse ] --START--
NOTIC: [8] Undefined variable: list D:\wamp\www\test\Weixin\Runtime\Cache\User\ba97da240ec81843940e2edaf72a082f.php 第 245 行.
NOTIC: [8] Undefined variable: page D:\wamp\www\test\Weixin\Runtime\Cache\User\ba97da240ec81843940e2edaf72a082f.php 第 270 行.
INFO: ParseTemplate Behavior ::run [ RunTime:0.035724s ]
INFO: [ view_parse ] --END-- [ RunTime:0.035891s ]
INFO: [ view_filter ] --START--
INFO: ContentReplace Behavior ::run [ RunTime:0.001263s ]
INFO: TokenBuild Behavior ::run [ RunTime:0.001109s ]
INFO: WriteHtmlCache Behavior ::run [ RunTime:0.000882s ]
INFO: ShowRuntime Behavior ::run [ RunTime:0.001289s ]
INFO: [ view_filter ] --END-- [ RunTime:0.005001s ]
INFO: [ view_end ] --START--
INFO: ShowPageTrace Behavior ::run [ RunTime:0.001362s ]
INFO: [ view_end ] --END-- [ RunTime:0.001519s ]

[ 2016-04-08T23:58:56+08:00 ] 127.0.0.1 /index.php/user/menu/index
INFO: [ route_check ] --START--
INFO: CheckRoute Behavior ::run [ RunTime:0.001758s ]
INFO: [ route_check ] --END-- [ RunTime:0.001978s ]
INFO: [ app_begin ] --START--
INFO: ReadHtmlCache Behavior ::run [ RunTime:0.001195s ]
INFO: [ app_begin ] --END-- [ RunTime:0.001366s ]
NOTIC: [8] A session had already been started - ignoring session_start() D:\wamp\www\test\Weixin\App\User\Action\BaseAction.class.php 第 2 行.
SQL: SHOW COLUMNS FROM `wx_menu` [ RunTime:0.003263s ]
ERR: 1146:Table 'qjy.wx_menu' doesn't exist
 [ SQL语句 ] : SHOW COLUMNS FROM `wx_menu`
SQL: SELECT * FROM `wx_menu`  [ RunTime:0.000438s ]
ERR: 1146:Table 'qjy.wx_menu' doesn't exist
 [ SQL语句 ] : SELECT * FROM `wx_menu` 
NOTIC: [2] Invalid argument supplied for foreach() D:\wamp\www\test\Weixin\App\User\Action\MenuAction.class.php 第 47 行.
INFO: [ view_parse ] --START--
INFO: ParseTemplate Behavior ::run [ RunTime:0.036239s ]
INFO: [ view_parse ] --END-- [ RunTime:0.036475s ]
INFO: [ view_filter ] --START--
INFO: ContentReplace Behavior ::run [ RunTime:0.001202s ]
INFO: TokenBuild Behavior ::run [ RunTime:0.001090s ]
INFO: WriteHtmlCache Behavior ::run [ RunTime:0.000883s ]
INFO: ShowRuntime Behavior ::run [ RunTime:0.001281s ]
INFO: [ view_filter ] --END-- [ RunTime:0.004910s ]
INFO: [ view_end ] --START--
INFO: ShowPageTrace Behavior ::run [ RunTime:0.001309s ]
INFO: [ view_end ] --END-- [ RunTime:0.001463s ]

[ 2016-04-08T23:59:01+08:00 ] 127.0.0.1 /index.php/user/menu/index
INFO: [ route_check ] --START--
INFO: CheckRoute Behavior ::run [ RunTime:0.001474s ]
INFO: [ route_check ] --END-- [ RunTime:0.001658s ]
INFO: [ app_begin ] --START--
INFO: ReadHtmlCache Behavior ::run [ RunTime:0.001586s ]
INFO: [ app_begin ] --END-- [ RunTime:0.001775s ]
NOTIC: [8] A session had already been started - ignoring session_start() D:\wamp\www\test\Weixin\App\User\Action\BaseAction.class.php 第 2 行.
SQL: SHOW COLUMNS FROM `wx_menu` [ RunTime:0.003905s ]
ERR: 1146:Table 'qjy.wx_menu' doesn't exist
 [ SQL语句 ] : SHOW COLUMNS FROM `wx_menu`
SQL: SELECT * FROM `wx_menu`  [ RunTime:0.000464s ]
ERR: 1146:Table 'qjy.wx_menu' doesn't exist
 [ SQL语句 ] : SELECT * FROM `wx_menu` 
NOTIC: [2] Invalid argument supplied for foreach() D:\wamp\www\test\Weixin\App\User\Action\MenuAction.class.php 第 47 行.
INFO: [ view_parse ] --START--
INFO: ParseTemplate Behavior ::run [ RunTime:0.038732s ]
INFO: [ view_parse ] --END-- [ RunTime:0.038944s ]
INFO: [ view_filter ] --START--
INFO: ContentReplace Behavior ::run [ RunTime:0.001438s ]
INFO: TokenBuild Behavior ::run [ RunTime:0.001325s ]
INFO: WriteHtmlCache Behavior ::run [ RunTime:0.001155s ]
INFO: ShowRuntime Behavior ::run [ RunTime:0.001187s ]
INFO: [ view_filter ] --END-- [ RunTime:0.005597s ]
INFO: [ view_end ] --START--
INFO: ShowPageTrace Behavior ::run [ RunTime:0.001306s ]
INFO: [ view_end ] --END-- [ RunTime:0.001458s ]

[ 2016-04-08T23:59:02+08:00 ] 127.0.0.1 /user/article/index
INFO: [ route_check ] --START--
INFO: CheckRoute Behavior ::run [ RunTime:0.001565s ]
INFO: [ route_check ] --END-- [ RunTime:0.001763s ]
INFO: [ app_begin ] --START--
INFO: ReadHtmlCache Behavior ::run [ RunTime:0.001357s ]
INFO: [ app_begin ] --END-- [ RunTime:0.001533s ]
NOTIC: [8] A session had already been started - ignoring session_start() D:\wamp\www\test\Weixin\App\User\Action\BaseAction.class.php 第 2 行.
SQL: SHOW COLUMNS FROM `wx_article` [ RunTime:0.003900s ]
ERR: 1146:Table 'qjy.wx_article' doesn't exist
 [ SQL语句 ] : SHOW COLUMNS FROM `wx_article`
NOTIC: [2] Invalid argument supplied for foreach() D:\wamp\www\test\Weixin\App\User\Action\BaseAction.class.php 第 59 行.
SQL: SELECT COUNT(id) AS tp_count FROM `wx_article` WHERE ( `cate_id` = 1 ) LIMIT 1   [ RunTime:0.000498s ]
ERR: 1146:Table 'qjy.wx_article' doesn't exist
 [ SQL语句 ] : SELECT COUNT(id) AS tp_count FROM `wx_article` WHERE ( `cate_id` = 1 ) LIMIT 1  
INFO: [ view_parse ] --START--
NOTIC: [8] Undefined variable: list D:\wamp\www\test\Weixin\Runtime\Cache\User\1e24df8f0310ed32c6530e50eddc0332.php 第 138 行.
NOTIC: [8] Undefined variable: page D:\wamp\www\test\Weixin\Runtime\Cache\User\1e24df8f0310ed32c6530e50eddc0332.php 第 157 行.
INFO: ParseTemplate Behavior ::run [ RunTime:0.046459s ]
INFO: [ view_parse ] --END-- [ RunTime:0.046651s ]
INFO: [ view_filter ] --START--
INFO: ContentReplace Behavior ::run [ RunTime:0.001352s ]
INFO: TokenBuild Behavior ::run [ RunTime:0.001150s ]
INFO: WriteHtmlCache Behavior ::run [ RunTime:0.000925s ]
INFO: ShowRuntime Behavior ::run [ RunTime:0.001214s ]
INFO: [ view_filter ] --END-- [ RunTime:0.005097s ]
INFO: [ view_end ] --START--
INFO: ShowPageTrace Behavior ::run [ RunTime:0.001798s ]
INFO: [ view_end ] --END-- [ RunTime:0.001963s ]

[ 2016-04-08T23:59:03+08:00 ] 127.0.0.1 /user/video/index
INFO: [ route_check ] --START--
INFO: CheckRoute Behavior ::run [ RunTime:0.001531s ]
INFO: [ route_check ] --END-- [ RunTime:0.001877s ]
INFO: [ app_begin ] --START--
INFO: ReadHtmlCache Behavior ::run [ RunTime:0.001242s ]
INFO: [ app_begin ] --END-- [ RunTime:0.001418s ]
NOTIC: [8] A session had already been started - ignoring session_start() D:\wamp\www\test\Weixin\App\User\Action\BaseAction.class.php 第 2 行.
SQL: SHOW COLUMNS FROM `wx_videocate` [ RunTime:0.003560s ]
ERR: 1146:Table 'qjy.wx_videocate' doesn't exist
 [ SQL语句 ] : SHOW COLUMNS FROM `wx_videocate`
SQL: SELECT * FROM `wx_videocate` WHERE ( `type` = 0 )  [ RunTime:0.000458s ]
ERR: 1146:Table 'qjy.wx_videocate' doesn't exist
 [ SQL语句 ] : SELECT * FROM `wx_videocate` WHERE ( `type` = 0 ) 
SQL: SHOW COLUMNS FROM wx_video o [ RunTime:0.000207s ]
ERR: 1064:You have an error in your SQL syntax; check the manual that corresponds to your MySQL server version for the right syntax to use near 'o' at line 1
 [ SQL语句 ] : SHOW COLUMNS FROM wx_video o
SQL: SELECT COUNT(*) AS tp_count FROM wx_video o left join wx_videocate c on c.id=o.cate_id LIMIT 1   [ RunTime:0.000467s ]
ERR: 1146:Table 'qjy.wx_video' doesn't exist
 [ SQL语句 ] : SELECT COUNT(*) AS tp_count FROM wx_video o left join wx_videocate c on c.id=o.cate_id LIMIT 1  
SQL: SELECT c.subject,o.* FROM wx_video o left join wx_videocate c on c.id=o.cate_id WHERE ( c.type=0 ) LIMIT 0,18   [ RunTime:0.000623s ]
ERR: 1146:Table 'qjy.wx_video' doesn't exist
 [ SQL语句 ] : SELECT c.subject,o.* FROM wx_video o left join wx_videocate c on c.id=o.cate_id WHERE ( c.type=0 ) LIMIT 0,18  
INFO: [ view_parse ] --START--
INFO: ParseTemplate Behavior ::run [ RunTime:0.034712s ]
INFO: [ view_parse ] --END-- [ RunTime:0.034901s ]
INFO: [ view_filter ] --START--
INFO: ContentReplace Behavior ::run [ RunTime:0.001267s ]
INFO: TokenBuild Behavior ::run [ RunTime:0.001233s ]
INFO: WriteHtmlCache Behavior ::run [ RunTime:0.000925s ]
INFO: ShowRuntime Behavior ::run [ RunTime:0.001161s ]
INFO: [ view_filter ] --END-- [ RunTime:0.005042s ]
INFO: [ view_end ] --START--
INFO: ShowPageTrace Behavior ::run [ RunTime:0.001286s ]
INFO: [ view_end ] --END-- [ RunTime:0.001444s ]

[ 2016-04-08T23:59:04+08:00 ] 127.0.0.1 /user/video/index
INFO: [ route_check ] --START--
INFO: CheckRoute Behavior ::run [ RunTime:0.001424s ]
INFO: [ route_check ] --END-- [ RunTime:0.001610s ]
INFO: [ app_begin ] --START--
INFO: ReadHtmlCache Behavior ::run [ RunTime:0.001223s ]
INFO: [ app_begin ] --END-- [ RunTime:0.001396s ]
NOTIC: [8] A session had already been started - ignoring session_start() D:\wamp\www\test\Weixin\App\User\Action\BaseAction.class.php 第 2 行.
SQL: SHOW COLUMNS FROM `wx_videocate` [ RunTime:0.003445s ]
ERR: 1146:Table 'qjy.wx_videocate' doesn't exist
 [ SQL语句 ] : SHOW COLUMNS FROM `wx_videocate`
SQL: SELECT * FROM `wx_videocate` WHERE ( `type` = 0 )  [ RunTime:0.000471s ]
ERR: 1146:Table 'qjy.wx_videocate' doesn't exist
 [ SQL语句 ] : SELECT * FROM `wx_videocate` WHERE ( `type` = 0 ) 
SQL: SHOW COLUMNS FROM wx_video o [ RunTime:0.000210s ]
ERR: 1064:You have an error in your SQL syntax; check the manual that corresponds to your MySQL server version for the right syntax to use near 'o' at line 1
 [ SQL语句 ] : SHOW COLUMNS FROM wx_video o
SQL: SELECT COUNT(*) AS tp_count FROM wx_video o left join wx_videocate c on c.id=o.cate_id LIMIT 1   [ RunTime:0.000443s ]
ERR: 1146:Table 'qjy.wx_video' doesn't exist
 [ SQL语句 ] : SELECT COUNT(*) AS tp_count FROM wx_video o left join wx_videocate c on c.id=o.cate_id LIMIT 1  
SQL: SELECT c.subject,o.* FROM wx_video o left join wx_videocate c on c.id=o.cate_id WHERE ( c.type=0 ) LIMIT 0,18   [ RunTime:0.000527s ]
ERR: 1146:Table 'qjy.wx_video' doesn't exist
 [ SQL语句 ] : SELECT c.subject,o.* FROM wx_video o left join wx_videocate c on c.id=o.cate_id WHERE ( c.type=0 ) LIMIT 0,18  
INFO: [ view_parse ] --START--
INFO: ParseTemplate Behavior ::run [ RunTime:0.034361s ]
INFO: [ view_parse ] --END-- [ RunTime:0.034543s ]
INFO: [ view_filter ] --START--
INFO: ContentReplace Behavior ::run [ RunTime:0.001276s ]
INFO: TokenBuild Behavior ::run [ RunTime:0.001093s ]
INFO: WriteHtmlCache Behavior ::run [ RunTime:0.000915s ]
INFO: ShowRuntime Behavior ::run [ RunTime:0.001234s ]
INFO: [ view_filter ] --END-- [ RunTime:0.004981s ]
INFO: [ view_end ] --START--
INFO: ShowPageTrace Behavior ::run [ RunTime:0.001302s ]
INFO: [ view_end ] --END-- [ RunTime:0.001458s ]

[ 2016-04-08T23:59:06+08:00 ] 127.0.0.1 /user/index/logout
INFO: [ route_check ] --START--
INFO: CheckRoute Behavior ::run [ RunTime:0.001451s ]
INFO: [ route_check ] --END-- [ RunTime:0.001634s ]
INFO: [ app_begin ] --START--
INFO: ReadHtmlCache Behavior ::run [ RunTime:0.001227s ]
INFO: [ app_begin ] --END-- [ RunTime:0.001400s ]
NOTIC: [8] A session had already been started - ignoring session_start() D:\wamp\www\test\Weixin\App\User\Action\BaseAction.class.php 第 2 行.

[ 2016-04-08T23:59:06+08:00 ] 127.0.0.1 /user/login/index
INFO: [ route_check ] --START--
INFO: CheckRoute Behavior ::run [ RunTime:0.001448s ]
INFO: [ route_check ] --END-- [ RunTime:0.001639s ]
INFO: [ app_begin ] --START--
INFO: ReadHtmlCache Behavior ::run [ RunTime:0.001251s ]
INFO: [ app_begin ] --END-- [ RunTime:0.001420s ]
INFO: [ view_parse ] --START--
INFO: ParseTemplate Behavior ::run [ RunTime:0.013106s ]
INFO: [ view_parse ] --END-- [ RunTime:0.013324s ]
INFO: [ view_filter ] --START--
INFO: ContentReplace Behavior ::run [ RunTime:0.001151s ]
INFO: TokenBuild Behavior ::run [ RunTime:0.001055s ]
INFO: WriteHtmlCache Behavior ::run [ RunTime:0.001029s ]
INFO: ShowRuntime Behavior ::run [ RunTime:0.001180s ]
INFO: [ view_filter ] --END-- [ RunTime:0.004864s ]
INFO: [ view_end ] --START--
INFO: ShowPageTrace Behavior ::run [ RunTime:0.001245s ]
INFO: [ view_end ] --END-- [ RunTime:0.001402s ]

[ 2016-04-08T23:59:08+08:00 ] 127.0.0.1 /user/login/checkLogin
INFO: [ route_check ] --START--
INFO: CheckRoute Behavior ::run [ RunTime:0.001453s ]
INFO: [ route_check ] --END-- [ RunTime:0.001641s ]
INFO: [ app_begin ] --START--
INFO: ReadHtmlCache Behavior ::run [ RunTime:0.001191s ]
INFO: [ app_begin ] --END-- [ RunTime:0.001340s ]
NOTIC: [8] Use of undefined constant is_POST - assumed 'is_POST' D:\wamp\www\test\Weixin\App\User\Action\LoginAction.class.php 第 17 行.
NOTIC: 建议使用I方法替代_post
NOTIC: 建议使用I方法替代_post
NOTIC: [8] Undefined variable: verify D:\wamp\www\test\Weixin\App\User\Action\LoginAction.class.php 第 30 行.
SQL: SHOW COLUMNS FROM `wx_admin` [ RunTime:0.003261s ]
ERR: 1146:Table 'qjy.wx_admin' doesn't exist
 [ SQL语句 ] : SHOW COLUMNS FROM `wx_admin`
SQL: SELECT * FROM `wx_admin` WHERE ( `username` = 'qjy' ) LIMIT 1   [ RunTime:0.000462s ]
ERR: 1146:Table 'qjy.wx_admin' doesn't exist
 [ SQL语句 ] : SELECT * FROM `wx_admin` WHERE ( `username` = 'qjy' ) LIMIT 1  

