[ 2016-06-14T14:25:19+08:00 ] 101.226.62.86 /weixin?signature=ba7a5323083771f557e3881fd8f606fb43c22bef&timestamp=1465885519&nonce=1687110760&openid=o5Wc0uNM45AQF6wdkMORZO1OgZME
INFO: [ route_check ] --START--
INFO: CheckRoute Behavior ::run [ RunTime:0.016429s ]
INFO: [ route_check ] --END-- [ RunTime:0.016664s ]
INFO: [ app_begin ] --START--
INFO: ReadHtmlCache Behavior ::run [ RunTime:0.001706s ]
INFO: [ app_begin ] --END-- [ RunTime:0.001822s ]
NOTIC: [8] Undefined index:  echostr /home/qjywxjqujiy7wbx/wwwroot/Weixin/App/Home/ORG/Wechat.class.php 第 14 行.
SQL: SHOW COLUMNS FROM `wx_wxuser` [ RunTime:0.022114s ]
SQL: SELECT `wxid` FROM `wx_wxuser` LIMIT 1   [ RunTime:0.002142s ]
SQL: SELECT `wxid` FROM `wx_wxuser` LIMIT 1   [ RunTime:0.000179s ]
NOTIC: [8] Undefined index:  Content /home/qjywxjqujiy7wbx/wwwroot/Weixin/App/Home/Action/WeixinAction.class.php 第 158 行.
SQL: SHOW COLUMNS FROM `wx_keyword` [ RunTime:0.009814s ]
SQL: SELECT * FROM `wx_keyword` WHERE ( `keyword` LIKE '%%' ) LIMIT 1   [ RunTime:0.001229s ]
SQL: SHOW COLUMNS FROM `wx_replynews` [ RunTime:0.007781s ]
SQL: SELECT * FROM `wx_replynews` WHERE ( `id` = 15 ) LIMIT 1   [ RunTime:0.002885s ]

[ 2016-06-14T14:25:23+08:00 ] 101.226.227.97 /Wap/Schedule/index
INFO: [ route_check ] --START--
INFO: CheckRoute Behavior ::run [ RunTime:0.000929s ]
INFO: [ route_check ] --END-- [ RunTime:0.001060s ]
INFO: [ app_begin ] --START--
INFO: ReadHtmlCache Behavior ::run [ RunTime:0.000898s ]
INFO: [ app_begin ] --END-- [ RunTime:0.001017s ]
NOTIC: [8] Undefined index:  HTTP_USER_AGENT /home/qjywxjqujiy7wbx/wwwroot/Weixin/App/Wap/Action/BaseAction.class.php 第 8 行.
NOTIC: [8] Undefined index:  uid /home/qjywxjqujiy7wbx/wwwroot/Weixin/App/Wap/Action/BaseAction.class.php 第 11 行.
SQL: SHOW COLUMNS FROM `wx_wxuser` [ RunTime:0.000966s ]
SQL: SELECT `AppId`,`Secret`,`id` FROM `wx_wxuser` LIMIT 1   [ RunTime:0.000584s ]
NOTIC: [8] Undefined index:  code /home/qjywxjqujiy7wbx/wwwroot/Weixin/Common/common.php 第 150 行.
NOTIC: [8] Undefined index:  access_token /home/qjywxjqujiy7wbx/wwwroot/Weixin/Common/common.php 第 157 行.
NOTIC: [8] Undefined index:  openid /home/qjywxjqujiy7wbx/wwwroot/Weixin/Common/common.php 第 157 行.
SQL: SHOW COLUMNS FROM `wx_schedule` [ RunTime:0.014327s ]
SQL: SELECT * FROM `wx_schedule` WHERE ( `status` = 0 )  [ RunTime:0.008071s ]
INFO: [ view_parse ] --START--
NOTIC: [8] Undefined index:  keyword /home/qjywxjqujiy7wbx/wwwroot/Weixin/Runtime/Cache/Wap/4b69f6ab1518bd7bc53b51d4bf3ca643.php 第 23 行.
INFO: ParseTemplate Behavior ::run [ RunTime:0.064264s ]
INFO: [ view_parse ] --END-- [ RunTime:0.064378s ]
INFO: [ view_filter ] --START--
INFO: ContentReplace Behavior ::run [ RunTime:0.005601s ]
INFO: TokenBuild Behavior ::run [ RunTime:0.001300s ]
INFO: WriteHtmlCache Behavior ::run [ RunTime:0.000768s ]
INFO: ShowRuntime Behavior ::run [ RunTime:0.001091s ]
INFO: [ view_filter ] --END-- [ RunTime:0.009005s ]
INFO: [ view_end ] --START--
INFO: ShowPageTrace Behavior ::run [ RunTime:0.001260s ]
INFO: [ view_end ] --END-- [ RunTime:0.001329s ]

[ 2016-06-14T14:25:35+08:00 ] 101.226.62.86 /weixin?signature=41018ce55acfd6120e9bb41b96224bd1bdd6ad33&timestamp=1465885535&nonce=1336137542&openid=o5Wc0uNM45AQF6wdkMORZO1OgZME
INFO: [ route_check ] --START--
INFO: CheckRoute Behavior ::run [ RunTime:0.000929s ]
INFO: [ route_check ] --END-- [ RunTime:0.001060s ]
INFO: [ app_begin ] --START--
INFO: ReadHtmlCache Behavior ::run [ RunTime:0.000551s ]
INFO: [ app_begin ] --END-- [ RunTime:0.000637s ]
NOTIC: [8] Undefined index:  echostr /home/qjywxjqujiy7wbx/wwwroot/Weixin/App/Home/ORG/Wechat.class.php 第 14 行.
SQL: SHOW COLUMNS FROM `wx_wxuser` [ RunTime:0.001456s ]
SQL: SELECT `wxid` FROM `wx_wxuser` LIMIT 1   [ RunTime:0.000099s ]
SQL: SELECT `wxid` FROM `wx_wxuser` LIMIT 1   [ RunTime:0.000110s ]
NOTIC: [8] Undefined index:  Content /home/qjywxjqujiy7wbx/wwwroot/Weixin/App/Home/Action/WeixinAction.class.php 第 158 行.
SQL: SHOW COLUMNS FROM `wx_keyword` [ RunTime:0.000863s ]
SQL: SELECT * FROM `wx_keyword` WHERE ( `keyword` LIKE '%%' ) LIMIT 1   [ RunTime:0.000114s ]
SQL: SHOW COLUMNS FROM `wx_replynews` [ RunTime:0.000837s ]
SQL: SELECT * FROM `wx_replynews` WHERE ( `id` = 15 ) LIMIT 1   [ RunTime:0.000083s ]

[ 2016-06-14T14:25:37+08:00 ] 36.101.171.65 /Wap/artice/zwgklist?code=031pkuSX0c5HpP1FA6TX0b4rSX0pkuSv&state=123
INFO: [ route_check ] --START--
INFO: CheckRoute Behavior ::run [ RunTime:0.000984s ]
INFO: [ route_check ] --END-- [ RunTime:0.001152s ]
INFO: [ app_begin ] --START--
INFO: ReadHtmlCache Behavior ::run [ RunTime:0.000597s ]
INFO: [ app_begin ] --END-- [ RunTime:0.000666s ]
SQL: SHOW COLUMNS FROM `wx_article` [ RunTime:0.011507s ]
SQL: SELECT * FROM `wx_article` WHERE ( `cate_id` = 4 ) ORDER BY id desc LIMIT 1000   [ RunTime:0.007577s ]
INFO: [ view_parse ] --START--
NOTIC: [8] Undefined index:  keyword /home/qjywxjqujiy7wbx/wwwroot/Weixin/Runtime/Cache/Wap/33c5cc52cc394bb785f4b92ac5d52bab.php 第 23 行.
INFO: ParseTemplate Behavior ::run [ RunTime:0.040872s ]
INFO: [ view_parse ] --END-- [ RunTime:0.040988s ]
INFO: [ view_filter ] --START--
INFO: ContentReplace Behavior ::run [ RunTime:0.000661s ]
INFO: TokenBuild Behavior ::run [ RunTime:0.001151s ]
INFO: WriteHtmlCache Behavior ::run [ RunTime:0.000385s ]
INFO: ShowRuntime Behavior ::run [ RunTime:0.000664s ]
INFO: [ view_filter ] --END-- [ RunTime:0.003192s ]
INFO: [ view_end ] --START--
INFO: ShowPageTrace Behavior ::run [ RunTime:0.001044s ]
INFO: [ view_end ] --END-- [ RunTime:0.001140s ]

[ 2016-06-14T14:26:10+08:00 ] 101.226.62.86 /weixin?signature=def86f5b55da4d28813a02c8ca4aacf0bc195e68&timestamp=1465885569&nonce=331293526&openid=o5Wc0uNM45AQF6wdkMORZO1OgZME
INFO: [ route_check ] --START--
INFO: CheckRoute Behavior ::run [ RunTime:0.000939s ]
INFO: [ route_check ] --END-- [ RunTime:0.001077s ]
INFO: [ app_begin ] --START--
INFO: ReadHtmlCache Behavior ::run [ RunTime:0.000554s ]
INFO: [ app_begin ] --END-- [ RunTime:0.000631s ]
NOTIC: [8] Undefined index:  echostr /home/qjywxjqujiy7wbx/wwwroot/Weixin/App/Home/ORG/Wechat.class.php 第 14 行.
SQL: SHOW COLUMNS FROM `wx_wxuser` [ RunTime:0.000966s ]
SQL: SELECT `wxid` FROM `wx_wxuser` LIMIT 1   [ RunTime:0.000072s ]
SQL: SELECT `wxid` FROM `wx_wxuser` LIMIT 1   [ RunTime:0.000066s ]
NOTIC: [8] Undefined index:  Content /home/qjywxjqujiy7wbx/wwwroot/Weixin/App/Home/Action/WeixinAction.class.php 第 158 行.
SQL: SHOW COLUMNS FROM `wx_keyword` [ RunTime:0.000626s ]
SQL: SELECT * FROM `wx_keyword` WHERE ( `keyword` LIKE '%%' ) LIMIT 1   [ RunTime:0.000071s ]
SQL: SHOW COLUMNS FROM `wx_replynews` [ RunTime:0.000694s ]
SQL: SELECT * FROM `wx_replynews` WHERE ( `id` = 15 ) LIMIT 1   [ RunTime:0.000082s ]

[ 2016-06-14T14:26:10+08:00 ] 36.101.171.65 /Wap/artice/media_audio?code=011bH4KG1UC8Dc0oPSMG1Pq1KG1bH4K7&state=123
INFO: [ route_check ] --START--
INFO: CheckRoute Behavior ::run [ RunTime:0.001076s ]
INFO: [ route_check ] --END-- [ RunTime:0.001217s ]
INFO: [ app_begin ] --START--
INFO: ReadHtmlCache Behavior ::run [ RunTime:0.000662s ]
INFO: [ app_begin ] --END-- [ RunTime:0.000730s ]
SQL: SHOW COLUMNS FROM `wx_videocate` [ RunTime:0.014053s ]
SQL: SELECT * FROM `wx_videocate` WHERE ( `type` = 1 ) AND ( `available` = 1 ) ORDER BY id desc LIMIT 1000   [ RunTime:0.001124s ]
INFO: [ view_parse ] --START--
NOTIC: [8] Undefined index:  keyword /home/qjywxjqujiy7wbx/wwwroot/Weixin/Runtime/Cache/Wap/6a957d7ad08d3cffae69498c364489af.php 第 24 行.
INFO: ParseTemplate Behavior ::run [ RunTime:0.033939s ]
INFO: [ view_parse ] --END-- [ RunTime:0.034020s ]
INFO: [ view_filter ] --START--
INFO: ContentReplace Behavior ::run [ RunTime:0.000333s ]
INFO: TokenBuild Behavior ::run [ RunTime:0.000322s ]
INFO: WriteHtmlCache Behavior ::run [ RunTime:0.000293s ]
INFO: ShowRuntime Behavior ::run [ RunTime:0.000421s ]
INFO: [ view_filter ] --END-- [ RunTime:0.001613s ]
INFO: [ view_end ] --START--
INFO: ShowPageTrace Behavior ::run [ RunTime:0.000791s ]
INFO: [ view_end ] --END-- [ RunTime:0.000892s ]

[ 2016-06-14T14:26:15+08:00 ] 101.226.62.86 /weixin?signature=c19eb1af7be1c1ce551ec3e013f14823c42ba036&timestamp=1465885575&nonce=1765109113&openid=o5Wc0uNM45AQF6wdkMORZO1OgZME
INFO: [ route_check ] --START--
INFO: CheckRoute Behavior ::run [ RunTime:0.000955s ]
INFO: [ route_check ] --END-- [ RunTime:0.001093s ]
INFO: [ app_begin ] --START--
INFO: ReadHtmlCache Behavior ::run [ RunTime:0.000589s ]
INFO: [ app_begin ] --END-- [ RunTime:0.000677s ]
NOTIC: [8] Undefined index:  echostr /home/qjywxjqujiy7wbx/wwwroot/Weixin/App/Home/ORG/Wechat.class.php 第 14 行.
SQL: SHOW COLUMNS FROM `wx_wxuser` [ RunTime:0.001357s ]
SQL: SELECT `wxid` FROM `wx_wxuser` LIMIT 1   [ RunTime:0.000092s ]
SQL: SELECT `wxid` FROM `wx_wxuser` LIMIT 1   [ RunTime:0.000068s ]
NOTIC: [8] Undefined index:  Content /home/qjywxjqujiy7wbx/wwwroot/Weixin/App/Home/Action/WeixinAction.class.php 第 158 行.
SQL: SHOW COLUMNS FROM `wx_keyword` [ RunTime:0.000656s ]
SQL: SELECT * FROM `wx_keyword` WHERE ( `keyword` LIKE '%%' ) LIMIT 1   [ RunTime:0.000082s ]
SQL: SHOW COLUMNS FROM `wx_replynews` [ RunTime:0.000676s ]
SQL: SELECT * FROM `wx_replynews` WHERE ( `id` = 15 ) LIMIT 1   [ RunTime:0.000085s ]

[ 2016-06-14T14:26:15+08:00 ] 36.101.171.65 /Wap/artice/media_video?code=041zqyBR1PfRoV0ey8FR1NOFBR1zqyBh&state=123
INFO: [ route_check ] --START--
INFO: CheckRoute Behavior ::run [ RunTime:0.000945s ]
INFO: [ route_check ] --END-- [ RunTime:0.001082s ]
INFO: [ app_begin ] --START--
INFO: ReadHtmlCache Behavior ::run [ RunTime:0.000582s ]
INFO: [ app_begin ] --END-- [ RunTime:0.000671s ]
SQL: SHOW COLUMNS FROM `wx_videocate` [ RunTime:0.001111s ]
SQL: SELECT * FROM `wx_videocate` WHERE ( `type` = 0 ) AND ( `available` = 1 ) ORDER BY id desc LIMIT 1000   [ RunTime:0.000445s ]
INFO: [ view_parse ] --START--
NOTIC: [8] Undefined index:  keyword /home/qjywxjqujiy7wbx/wwwroot/Weixin/Runtime/Cache/Wap/5ab735364166554ecf5abcbe02071772.php 第 24 行.
INFO: ParseTemplate Behavior ::run [ RunTime:0.041953s ]
INFO: [ view_parse ] --END-- [ RunTime:0.042059s ]
INFO: [ view_filter ] --START--
INFO: ContentReplace Behavior ::run [ RunTime:0.000589s ]
INFO: TokenBuild Behavior ::run [ RunTime:0.000477s ]
INFO: WriteHtmlCache Behavior ::run [ RunTime:0.000355s ]
INFO: ShowRuntime Behavior ::run [ RunTime:0.000659s ]
INFO: [ view_filter ] --END-- [ RunTime:0.002342s ]
INFO: [ view_end ] --START--
INFO: ShowPageTrace Behavior ::run [ RunTime:0.001024s ]
INFO: [ view_end ] --END-- [ RunTime:0.001137s ]

[ 2016-06-14T14:26:21+08:00 ] 101.226.62.86 /weixin?signature=1e01f8c4d8c50b7174ad05cb9d16cd9598d00a40&timestamp=1465885581&nonce=1366374017&openid=o5Wc0uNM45AQF6wdkMORZO1OgZME
INFO: [ route_check ] --START--
INFO: CheckRoute Behavior ::run [ RunTime:0.000910s ]
INFO: [ route_check ] --END-- [ RunTime:0.001078s ]
INFO: [ app_begin ] --START--
INFO: ReadHtmlCache Behavior ::run [ RunTime:0.000609s ]
INFO: [ app_begin ] --END-- [ RunTime:0.000677s ]
NOTIC: [8] Undefined index:  echostr /home/qjywxjqujiy7wbx/wwwroot/Weixin/App/Home/ORG/Wechat.class.php 第 14 行.
SQL: SHOW COLUMNS FROM `wx_wxuser` [ RunTime:0.001735s ]
SQL: SELECT `wxid` FROM `wx_wxuser` LIMIT 1   [ RunTime:0.000102s ]
SQL: SELECT `wxid` FROM `wx_wxuser` LIMIT 1   [ RunTime:0.000091s ]
NOTIC: [8] Undefined index:  Content /home/qjywxjqujiy7wbx/wwwroot/Weixin/App/Home/Action/WeixinAction.class.php 第 158 行.
SQL: SHOW COLUMNS FROM `wx_keyword` [ RunTime:0.000746s ]
SQL: SELECT * FROM `wx_keyword` WHERE ( `keyword` LIKE '%%' ) LIMIT 1   [ RunTime:0.000099s ]
SQL: SHOW COLUMNS FROM `wx_replynews` [ RunTime:0.000612s ]
SQL: SELECT * FROM `wx_replynews` WHERE ( `id` = 15 ) LIMIT 1   [ RunTime:0.000082s ]

[ 2016-06-14T14:26:22+08:00 ] 36.101.171.65 /Wap/Schedule/index?code=041LcQVe0wHWIE1UPdVe0XmQVe0LcQVU&state=123
INFO: [ route_check ] --START--
INFO: CheckRoute Behavior ::run [ RunTime:0.000950s ]
INFO: [ route_check ] --END-- [ RunTime:0.001092s ]
INFO: [ app_begin ] --START--
INFO: ReadHtmlCache Behavior ::run [ RunTime:0.000613s ]
INFO: [ app_begin ] --END-- [ RunTime:0.000681s ]
NOTIC: [8] Undefined index:  uid /home/qjywxjqujiy7wbx/wwwroot/Weixin/App/Wap/Action/BaseAction.class.php 第 11 行.
SQL: SHOW COLUMNS FROM `wx_wxuser` [ RunTime:0.001517s ]
SQL: SELECT `AppId`,`Secret`,`id` FROM `wx_wxuser` LIMIT 1   [ RunTime:0.000102s ]
SQL: SHOW COLUMNS FROM `wx_member` [ RunTime:0.014443s ]
SQL: SELECT * FROM `wx_member` WHERE ( `openid` = 'o5Wc0uNM45AQF6wdkMORZO1OgZME' ) LIMIT 1   [ RunTime:0.001368s ]
SQL: SHOW COLUMNS FROM `wx_schedule` [ RunTime:0.001134s ]
SQL: SELECT * FROM `wx_schedule` WHERE ( `status` = 0 )  [ RunTime:0.000218s ]
INFO: [ view_parse ] --START--
NOTIC: [8] Undefined index:  keyword /home/qjywxjqujiy7wbx/wwwroot/Weixin/Runtime/Cache/Wap/4b69f6ab1518bd7bc53b51d4bf3ca643.php 第 23 行.
INFO: ParseTemplate Behavior ::run [ RunTime:0.014021s ]
INFO: [ view_parse ] --END-- [ RunTime:0.014127s ]
INFO: [ view_filter ] --START--
INFO: ContentReplace Behavior ::run [ RunTime:0.000612s ]
INFO: TokenBuild Behavior ::run [ RunTime:0.000452s ]
INFO: WriteHtmlCache Behavior ::run [ RunTime:0.000246s ]
INFO: ShowRuntime Behavior ::run [ RunTime:0.000437s ]
INFO: [ view_filter ] --END-- [ RunTime:0.001939s ]
INFO: [ view_end ] --START--
INFO: ShowPageTrace Behavior ::run [ RunTime:0.000748s ]
INFO: [ view_end ] --END-- [ RunTime:0.000818s ]

[ 2016-06-14T14:26:26+08:00 ] 36.101.171.65 /wap/schedule/details/id/535
INFO: [ route_check ] --START--
INFO: CheckRoute Behavior ::run [ RunTime:0.000952s ]
INFO: [ route_check ] --END-- [ RunTime:0.001093s ]
INFO: [ app_begin ] --START--
INFO: ReadHtmlCache Behavior ::run [ RunTime:0.000577s ]
INFO: [ app_begin ] --END-- [ RunTime:0.000646s ]
SQL: SHOW COLUMNS FROM `wx_member` [ RunTime:0.001547s ]
SQL: SELECT * FROM `wx_member` WHERE ( `id` = 4 ) LIMIT 1   [ RunTime:0.000455s ]
SQL: SHOW COLUMNS FROM `wx_schedule` [ RunTime:0.001006s ]
SQL: SELECT * FROM `wx_schedule` WHERE ( `id` = 535 ) LIMIT 1   [ RunTime:0.000219s ]
INFO: [ view_parse ] --START--
INFO: ParseTemplate Behavior ::run [ RunTime:0.032847s ]
INFO: [ view_parse ] --END-- [ RunTime:0.032950s ]
INFO: [ view_filter ] --START--
INFO: ContentReplace Behavior ::run [ RunTime:0.000471s ]
INFO: TokenBuild Behavior ::run [ RunTime:0.000476s ]
INFO: WriteHtmlCache Behavior ::run [ RunTime:0.000293s ]
INFO: ShowRuntime Behavior ::run [ RunTime:0.000553s ]
INFO: [ view_filter ] --END-- [ RunTime:0.002045s ]
INFO: [ view_end ] --START--
INFO: ShowPageTrace Behavior ::run [ RunTime:0.000899s ]
INFO: [ view_end ] --END-- [ RunTime:0.000986s ]

[ 2016-06-14T14:26:28+08:00 ] 180.153.206.31 /wap/schedule/details/id/535
INFO: [ route_check ] --START--
INFO: CheckRoute Behavior ::run [ RunTime:0.000927s ]
INFO: [ route_check ] --END-- [ RunTime:0.001051s ]
INFO: [ app_begin ] --START--
INFO: ReadHtmlCache Behavior ::run [ RunTime:0.000554s ]
INFO: [ app_begin ] --END-- [ RunTime:0.000621s ]
NOTIC: [8] Undefined index:  uid /home/qjywxjqujiy7wbx/wwwroot/Weixin/App/Wap/Action/BaseAction.class.php 第 11 行.
SQL: SHOW COLUMNS FROM `wx_wxuser` [ RunTime:0.001429s ]
SQL: SELECT `AppId`,`Secret`,`id` FROM `wx_wxuser` LIMIT 1   [ RunTime:0.000092s ]
NOTIC: [8] Undefined index:  code /home/qjywxjqujiy7wbx/wwwroot/Weixin/Common/common.php 第 150 行.
NOTIC: [8] Undefined index:  access_token /home/qjywxjqujiy7wbx/wwwroot/Weixin/Common/common.php 第 157 行.
NOTIC: [8] Undefined index:  openid /home/qjywxjqujiy7wbx/wwwroot/Weixin/Common/common.php 第 157 行.
SQL: SHOW COLUMNS FROM `wx_schedule` [ RunTime:0.001439s ]
SQL: SELECT * FROM `wx_schedule` WHERE ( `id` = 535 ) LIMIT 1   [ RunTime:0.000114s ]
INFO: [ view_parse ] --START--
INFO: ParseTemplate Behavior ::run [ RunTime:0.010919s ]
INFO: [ view_parse ] --END-- [ RunTime:0.011000s ]
INFO: [ view_filter ] --START--
INFO: ContentReplace Behavior ::run [ RunTime:0.000325s ]
INFO: TokenBuild Behavior ::run [ RunTime:0.000342s ]
INFO: WriteHtmlCache Behavior ::run [ RunTime:0.000210s ]
INFO: ShowRuntime Behavior ::run [ RunTime:0.000438s ]
INFO: [ view_filter ] --END-- [ RunTime:0.001514s ]
INFO: [ view_end ] --START--
INFO: ShowPageTrace Behavior ::run [ RunTime:0.000892s ]
INFO: [ view_end ] --END-- [ RunTime:0.000961s ]

[ 2016-06-14T14:26:30+08:00 ] 101.226.227.94 /wap/schedule/details/id/535
INFO: [ route_check ] --START--
INFO: CheckRoute Behavior ::run [ RunTime:0.000920s ]
INFO: [ route_check ] --END-- [ RunTime:0.001041s ]
INFO: [ app_begin ] --START--
INFO: ReadHtmlCache Behavior ::run [ RunTime:0.000585s ]
INFO: [ app_begin ] --END-- [ RunTime:0.000651s ]
NOTIC: [8] Undefined index:  HTTP_USER_AGENT /home/qjywxjqujiy7wbx/wwwroot/Weixin/App/Wap/Action/BaseAction.class.php 第 8 行.
NOTIC: [8] Undefined index:  uid /home/qjywxjqujiy7wbx/wwwroot/Weixin/App/Wap/Action/BaseAction.class.php 第 11 行.
SQL: SHOW COLUMNS FROM `wx_wxuser` [ RunTime:0.001309s ]
SQL: SELECT `AppId`,`Secret`,`id` FROM `wx_wxuser` LIMIT 1   [ RunTime:0.000085s ]
NOTIC: [8] Undefined index:  code /home/qjywxjqujiy7wbx/wwwroot/Weixin/Common/common.php 第 150 行.
NOTIC: [8] Undefined index:  access_token /home/qjywxjqujiy7wbx/wwwroot/Weixin/Common/common.php 第 157 行.
NOTIC: [8] Undefined index:  openid /home/qjywxjqujiy7wbx/wwwroot/Weixin/Common/common.php 第 157 行.
SQL: SHOW COLUMNS FROM `wx_schedule` [ RunTime:0.001190s ]
SQL: SELECT * FROM `wx_schedule` WHERE ( `id` = 535 ) LIMIT 1   [ RunTime:0.000099s ]
INFO: [ view_parse ] --START--
INFO: ParseTemplate Behavior ::run [ RunTime:0.010835s ]
INFO: [ view_parse ] --END-- [ RunTime:0.010919s ]
INFO: [ view_filter ] --START--
INFO: ContentReplace Behavior ::run [ RunTime:0.000337s ]
INFO: TokenBuild Behavior ::run [ RunTime:0.000334s ]
INFO: WriteHtmlCache Behavior ::run [ RunTime:0.000213s ]
INFO: ShowRuntime Behavior ::run [ RunTime:0.000445s ]
INFO: [ view_filter ] --END-- [ RunTime:0.001542s ]
INFO: [ view_end ] --START--
INFO: ShowPageTrace Behavior ::run [ RunTime:0.000817s ]
INFO: [ view_end ] --END-- [ RunTime:0.000885s ]

[ 2016-06-14T14:26:35+08:00 ] 36.101.171.65 /wap/schedule/details/id/534
INFO: [ route_check ] --START--
INFO: CheckRoute Behavior ::run [ RunTime:0.001163s ]
INFO: [ route_check ] --END-- [ RunTime:0.001318s ]
INFO: [ app_begin ] --START--
INFO: ReadHtmlCache Behavior ::run [ RunTime:0.000735s ]
INFO: [ app_begin ] --END-- [ RunTime:0.000826s ]
SQL: SHOW COLUMNS FROM `wx_member` [ RunTime:0.001089s ]
SQL: SELECT * FROM `wx_member` WHERE ( `id` = 4 ) LIMIT 1   [ RunTime:0.000195s ]
SQL: SHOW COLUMNS FROM `wx_schedule` [ RunTime:0.001257s ]
SQL: SELECT * FROM `wx_schedule` WHERE ( `id` = 534 ) LIMIT 1   [ RunTime:0.000384s ]
INFO: [ view_parse ] --START--
INFO: ParseTemplate Behavior ::run [ RunTime:0.013567s ]
INFO: [ view_parse ] --END-- [ RunTime:0.013697s ]
INFO: [ view_filter ] --START--
INFO: ContentReplace Behavior ::run [ RunTime:0.000385s ]
INFO: TokenBuild Behavior ::run [ RunTime:0.000330s ]
INFO: WriteHtmlCache Behavior ::run [ RunTime:0.000208s ]
INFO: ShowRuntime Behavior ::run [ RunTime:0.000465s ]
INFO: [ view_filter ] --END-- [ RunTime:0.001570s ]
INFO: [ view_end ] --START--
INFO: ShowPageTrace Behavior ::run [ RunTime:0.000762s ]
INFO: [ view_end ] --END-- [ RunTime:0.000834s ]

[ 2016-06-14T14:26:43+08:00 ] 36.101.171.65 /wap/schedule/details/id/525
INFO: [ route_check ] --START--
INFO: CheckRoute Behavior ::run [ RunTime:0.000929s ]
INFO: [ route_check ] --END-- [ RunTime:0.001067s ]
INFO: [ app_begin ] --START--
INFO: ReadHtmlCache Behavior ::run [ RunTime:0.000675s ]
INFO: [ app_begin ] --END-- [ RunTime:0.000743s ]
SQL: SHOW COLUMNS FROM `wx_member` [ RunTime:0.001233s ]
SQL: SELECT * FROM `wx_member` WHERE ( `id` = 4 ) LIMIT 1   [ RunTime:0.000110s ]
SQL: SHOW COLUMNS FROM `wx_schedule` [ RunTime:0.001029s ]
SQL: SELECT * FROM `wx_schedule` WHERE ( `id` = 525 ) LIMIT 1   [ RunTime:0.000316s ]
INFO: [ view_parse ] --START--
INFO: ParseTemplate Behavior ::run [ RunTime:0.011325s ]
INFO: [ view_parse ] --END-- [ RunTime:0.011426s ]
INFO: [ view_filter ] --START--
INFO: ContentReplace Behavior ::run [ RunTime:0.000333s ]
INFO: TokenBuild Behavior ::run [ RunTime:0.000396s ]
INFO: WriteHtmlCache Behavior ::run [ RunTime:0.000218s ]
INFO: ShowRuntime Behavior ::run [ RunTime:0.000443s ]
INFO: [ view_filter ] --END-- [ RunTime:0.001620s ]
INFO: [ view_end ] --START--
INFO: ShowPageTrace Behavior ::run [ RunTime:0.000687s ]
INFO: [ view_end ] --END-- [ RunTime:0.000848s ]

[ 2016-06-14T14:26:46+08:00 ] 101.226.33.206 /wap/schedule/details/id/525
INFO: [ route_check ] --START--
INFO: CheckRoute Behavior ::run [ RunTime:0.000935s ]
INFO: [ route_check ] --END-- [ RunTime:0.001070s ]
INFO: [ app_begin ] --START--
INFO: ReadHtmlCache Behavior ::run [ RunTime:0.000606s ]
INFO: [ app_begin ] --END-- [ RunTime:0.000673s ]
NOTIC: [8] Undefined index:  uid /home/qjywxjqujiy7wbx/wwwroot/Weixin/App/Wap/Action/BaseAction.class.php 第 11 行.
SQL: SHOW COLUMNS FROM `wx_wxuser` [ RunTime:0.001075s ]
SQL: SELECT `AppId`,`Secret`,`id` FROM `wx_wxuser` LIMIT 1   [ RunTime:0.000073s ]
NOTIC: [8] Undefined index:  code /home/qjywxjqujiy7wbx/wwwroot/Weixin/Common/common.php 第 150 行.
NOTIC: [8] Undefined index:  access_token /home/qjywxjqujiy7wbx/wwwroot/Weixin/Common/common.php 第 157 行.
NOTIC: [8] Undefined index:  openid /home/qjywxjqujiy7wbx/wwwroot/Weixin/Common/common.php 第 157 行.
SQL: SHOW COLUMNS FROM `wx_schedule` [ RunTime:0.001347s ]
SQL: SELECT * FROM `wx_schedule` WHERE ( `id` = 525 ) LIMIT 1   [ RunTime:0.000087s ]
INFO: [ view_parse ] --START--
INFO: ParseTemplate Behavior ::run [ RunTime:0.010859s ]
INFO: [ view_parse ] --END-- [ RunTime:0.010956s ]
INFO: [ view_filter ] --START--
INFO: ContentReplace Behavior ::run [ RunTime:0.000333s ]
INFO: TokenBuild Behavior ::run [ RunTime:0.000321s ]
INFO: WriteHtmlCache Behavior ::run [ RunTime:0.000208s ]
INFO: ShowRuntime Behavior ::run [ RunTime:0.000454s ]
INFO: [ view_filter ] --END-- [ RunTime:0.001544s ]
INFO: [ view_end ] --START--
INFO: ShowPageTrace Behavior ::run [ RunTime:0.000750s ]
INFO: [ view_end ] --END-- [ RunTime:0.000816s ]

[ 2016-06-14T14:26:46+08:00 ] 101.226.227.140 /wap/schedule/details/id/525
INFO: [ route_check ] --START--
INFO: CheckRoute Behavior ::run [ RunTime:0.000978s ]
INFO: [ route_check ] --END-- [ RunTime:0.001106s ]
INFO: [ app_begin ] --START--
INFO: ReadHtmlCache Behavior ::run [ RunTime:0.000646s ]
INFO: [ app_begin ] --END-- [ RunTime:0.000712s ]
NOTIC: [8] Undefined index:  HTTP_USER_AGENT /home/qjywxjqujiy7wbx/wwwroot/Weixin/App/Wap/Action/BaseAction.class.php 第 8 行.
NOTIC: [8] Undefined index:  uid /home/qjywxjqujiy7wbx/wwwroot/Weixin/App/Wap/Action/BaseAction.class.php 第 11 行.
SQL: SHOW COLUMNS FROM `wx_wxuser` [ RunTime:0.000953s ]
SQL: SELECT `AppId`,`Secret`,`id` FROM `wx_wxuser` LIMIT 1   [ RunTime:0.000072s ]
NOTIC: [8] Undefined index:  code /home/qjywxjqujiy7wbx/wwwroot/Weixin/Common/common.php 第 150 行.
NOTIC: [8] Undefined index:  access_token /home/qjywxjqujiy7wbx/wwwroot/Weixin/Common/common.php 第 157 行.
NOTIC: [8] Undefined index:  openid /home/qjywxjqujiy7wbx/wwwroot/Weixin/Common/common.php 第 157 行.
SQL: SHOW COLUMNS FROM `wx_schedule` [ RunTime:0.001047s ]
SQL: SELECT * FROM `wx_schedule` WHERE ( `id` = 525 ) LIMIT 1   [ RunTime:0.000084s ]
INFO: [ view_parse ] --START--
INFO: ParseTemplate Behavior ::run [ RunTime:0.079549s ]
INFO: [ view_parse ] --END-- [ RunTime:0.079670s ]
INFO: [ view_filter ] --START--
INFO: ContentReplace Behavior ::run [ RunTime:0.000395s ]
INFO: TokenBuild Behavior ::run [ RunTime:0.000362s ]
INFO: WriteHtmlCache Behavior ::run [ RunTime:0.000214s ]
INFO: ShowRuntime Behavior ::run [ RunTime:0.000452s ]
INFO: [ view_filter ] --END-- [ RunTime:0.001615s ]
INFO: [ view_end ] --START--
INFO: ShowPageTrace Behavior ::run [ RunTime:0.000863s ]
INFO: [ view_end ] --END-- [ RunTime:0.000931s ]

[ 2016-06-14T14:28:54+08:00 ] 101.226.33.206 /Public/Wap/libs/bootstrap/respond.min.js
INFO: [ route_check ] --START--
INFO: CheckRoute Behavior ::run [ RunTime:0.000969s ]
INFO: [ route_check ] --END-- [ RunTime:0.001115s ]
INFO: [ app_begin ] --START--
INFO: ReadHtmlCache Behavior ::run [ RunTime:0.000570s ]
INFO: [ app_begin ] --END-- [ RunTime:0.000668s ]
ERR: 无法加载模块:Public

[ 2016-06-14T14:28:55+08:00 ] 101.226.33.206 /Public/Wap/libs/bootstrap/html5shiv.min.js
INFO: [ route_check ] --START--
INFO: CheckRoute Behavior ::run [ RunTime:0.001004s ]
INFO: [ route_check ] --END-- [ RunTime:0.001128s ]
INFO: [ app_begin ] --START--
INFO: ReadHtmlCache Behavior ::run [ RunTime:0.000558s ]
INFO: [ app_begin ] --END-- [ RunTime:0.000671s ]
ERR: 无法加载模块:Public

[ 2016-06-14T14:29:46+08:00 ] 180.153.206.31 /Public/Wap/libs/bootstrap/respond.min.js
INFO: [ route_check ] --START--
INFO: CheckRoute Behavior ::run [ RunTime:0.000926s ]
INFO: [ route_check ] --END-- [ RunTime:0.001043s ]
INFO: [ app_begin ] --START--
INFO: ReadHtmlCache Behavior ::run [ RunTime:0.000587s ]
INFO: [ app_begin ] --END-- [ RunTime:0.000653s ]
ERR: 无法加载模块:Public

[ 2016-06-14T14:29:49+08:00 ] 180.153.206.31 /Public/Wap/libs/bootstrap/html5shiv.min.js
INFO: [ route_check ] --START--
INFO: CheckRoute Behavior ::run [ RunTime:0.000962s ]
INFO: [ route_check ] --END-- [ RunTime:0.001080s ]
INFO: [ app_begin ] --START--
INFO: ReadHtmlCache Behavior ::run [ RunTime:0.000589s ]
INFO: [ app_begin ] --END-- [ RunTime:0.000675s ]
ERR: 无法加载模块:Public

