[ 2016-06-11T16:25:52+08:00 ] 36.1.150.186 /user/login/index
INFO: [ route_check ] --START--
INFO: CheckRoute Behavior ::run [ RunTime:0.018092s ]
INFO: [ route_check ] --END-- [ RunTime:0.018362s ]
INFO: [ app_begin ] --START--
INFO: ReadHtmlCache Behavior ::run [ RunTime:0.002639s ]
INFO: [ app_begin ] --END-- [ RunTime:0.002803s ]
INFO: [ view_parse ] --START--
INFO: ParseTemplate Behavior ::run [ RunTime:0.058450s ]
INFO: [ view_parse ] --END-- [ RunTime:0.058590s ]
INFO: [ view_filter ] --START--
INFO: ContentReplace Behavior ::run [ RunTime:0.013817s ]
INFO: TokenBuild Behavior ::run [ RunTime:0.001829s ]
INFO: WriteHtmlCache Behavior ::run [ RunTime:0.000897s ]
INFO: ShowRuntime Behavior ::run [ RunTime:0.001290s ]
INFO: [ view_filter ] --END-- [ RunTime:0.018102s ]
INFO: [ view_end ] --START--
INFO: ShowPageTrace Behavior ::run [ RunTime:0.001742s ]
INFO: [ view_end ] --END-- [ RunTime:0.001834s ]

[ 2016-06-11T16:26:08+08:00 ] 36.1.150.186 /user/login/index
INFO: [ route_check ] --START--
INFO: CheckRoute Behavior ::run [ RunTime:0.000932s ]
INFO: [ route_check ] --END-- [ RunTime:0.001061s ]
INFO: [ app_begin ] --START--
INFO: ReadHtmlCache Behavior ::run [ RunTime:0.000578s ]
INFO: [ app_begin ] --END-- [ RunTime:0.000645s ]
INFO: [ view_parse ] --START--
INFO: ParseTemplate Behavior ::run [ RunTime:0.008627s ]
INFO: [ view_parse ] --END-- [ RunTime:0.008704s ]
INFO: [ view_filter ] --START--
INFO: ContentReplace Behavior ::run [ RunTime:0.000330s ]
INFO: TokenBuild Behavior ::run [ RunTime:0.000364s ]
INFO: WriteHtmlCache Behavior ::run [ RunTime:0.000212s ]
INFO: ShowRuntime Behavior ::run [ RunTime:0.000429s ]
INFO: [ view_filter ] --END-- [ RunTime:0.001576s ]
INFO: [ view_end ] --START--
INFO: ShowPageTrace Behavior ::run [ RunTime:0.000762s ]
INFO: [ view_end ] --END-- [ RunTime:0.000829s ]

