[ 2016-07-01T08:58:14+08:00 ] 36.1.151.203 /user/login/index
INFO: [ route_check ] --START--
INFO: CheckRoute Behavior ::run [ RunTime:0.007955s ]
INFO: [ route_check ] --END-- [ RunTime:0.008179s ]
INFO: [ app_begin ] --START--
INFO: ReadHtmlCache Behavior ::run [ RunTime:0.001883s ]
INFO: [ app_begin ] --END-- [ RunTime:0.001989s ]
INFO: [ view_parse ] --START--
INFO: ParseTemplate Behavior ::run [ RunTime:0.040835s ]
INFO: [ view_parse ] --END-- [ RunTime:0.040967s ]
INFO: [ view_filter ] --START--
INFO: ContentReplace Behavior ::run [ RunTime:0.007898s ]
INFO: TokenBuild Behavior ::run [ RunTime:0.001578s ]
INFO: WriteHtmlCache Behavior ::run [ RunTime:0.001028s ]
INFO: ShowRuntime Behavior ::run [ RunTime:0.001378s ]
INFO: [ view_filter ] --END-- [ RunTime:0.012154s ]
INFO: [ view_end ] --START--
INFO: ShowPageTrace Behavior ::run [ RunTime:0.001727s ]
INFO: [ view_end ] --END-- [ RunTime:0.001821s ]

[ 2016-07-01T08:58:15+08:00 ] 36.1.151.203 /user/login/index
INFO: [ route_check ] --START--
INFO: CheckRoute Behavior ::run [ RunTime:0.001016s ]
INFO: [ route_check ] --END-- [ RunTime:0.001159s ]
INFO: [ app_begin ] --START--
INFO: ReadHtmlCache Behavior ::run [ RunTime:0.000560s ]
INFO: [ app_begin ] --END-- [ RunTime:0.000634s ]
INFO: [ view_parse ] --START--
INFO: ParseTemplate Behavior ::run [ RunTime:0.009413s ]
INFO: [ view_parse ] --END-- [ RunTime:0.009501s ]
INFO: [ view_filter ] --START--
INFO: ContentReplace Behavior ::run [ RunTime:0.000329s ]
INFO: TokenBuild Behavior ::run [ RunTime:0.000326s ]
INFO: WriteHtmlCache Behavior ::run [ RunTime:0.000207s ]
INFO: ShowRuntime Behavior ::run [ RunTime:0.000434s ]
INFO: [ view_filter ] --END-- [ RunTime:0.001516s ]
INFO: [ view_end ] --START--
INFO: ShowPageTrace Behavior ::run [ RunTime:0.000804s ]
INFO: [ view_end ] --END-- [ RunTime:0.000882s ]

