[ 2016-05-26T12:40:25+08:00 ] 124.225.124.240 /user/login/index
INFO: [ route_check ] --START--
INFO: CheckRoute Behavior ::run [ RunTime:0.008391s ]
INFO: [ route_check ] --END-- [ RunTime:0.008631s ]
INFO: [ app_begin ] --START--
INFO: ReadHtmlCache Behavior ::run [ RunTime:0.001525s ]
INFO: [ app_begin ] --END-- [ RunTime:0.001645s ]
INFO: [ view_parse ] --START--
INFO: ParseTemplate Behavior ::run [ RunTime:0.039478s ]
INFO: [ view_parse ] --END-- [ RunTime:0.039605s ]
INFO: [ view_filter ] --START--
INFO: ContentReplace Behavior ::run [ RunTime:0.002332s ]
INFO: TokenBuild Behavior ::run [ RunTime:0.001632s ]
INFO: WriteHtmlCache Behavior ::run [ RunTime:0.000881s ]
INFO: ShowRuntime Behavior ::run [ RunTime:0.001196s ]
INFO: [ view_filter ] --END-- [ RunTime:0.006308s ]
INFO: [ view_end ] --START--
INFO: ShowPageTrace Behavior ::run [ RunTime:0.001504s ]
INFO: [ view_end ] --END-- [ RunTime:0.001594s ]

[ 2016-05-26T12:40:26+08:00 ] 124.225.124.240 /user/login/index
INFO: [ route_check ] --START--
INFO: CheckRoute Behavior ::run [ RunTime:0.000944s ]
INFO: [ route_check ] --END-- [ RunTime:0.001079s ]
INFO: [ app_begin ] --START--
INFO: ReadHtmlCache Behavior ::run [ RunTime:0.000670s ]
INFO: [ app_begin ] --END-- [ RunTime:0.000737s ]
INFO: [ view_parse ] --START--
INFO: ParseTemplate Behavior ::run [ RunTime:0.008683s ]
INFO: [ view_parse ] --END-- [ RunTime:0.008767s ]
INFO: [ view_filter ] --START--
INFO: ContentReplace Behavior ::run [ RunTime:0.000346s ]
INFO: TokenBuild Behavior ::run [ RunTime:0.000322s ]
INFO: WriteHtmlCache Behavior ::run [ RunTime:0.000217s ]
INFO: ShowRuntime Behavior ::run [ RunTime:0.000440s ]
INFO: [ view_filter ] --END-- [ RunTime:0.001509s ]
INFO: [ view_end ] --START--
INFO: ShowPageTrace Behavior ::run [ RunTime:0.000751s ]
INFO: [ view_end ] --END-- [ RunTime:0.000839s ]

