[ 2016-06-07T16:01:34+08:00 ] 112.66.210.90 /user/login/index
INFO: [ route_check ] --START--
INFO: CheckRoute Behavior ::run [ RunTime:0.008015s ]
INFO: [ route_check ] --END-- [ RunTime:0.008207s ]
INFO: [ app_begin ] --START--
INFO: ReadHtmlCache Behavior ::run [ RunTime:0.002021s ]
INFO: [ app_begin ] --END-- [ RunTime:0.002197s ]
INFO: [ view_parse ] --START--
INFO: ParseTemplate Behavior ::run [ RunTime:0.039287s ]
INFO: [ view_parse ] --END-- [ RunTime:0.039430s ]
INFO: [ view_filter ] --START--
INFO: ContentReplace Behavior ::run [ RunTime:0.005981s ]
INFO: TokenBuild Behavior ::run [ RunTime:0.001273s ]
INFO: WriteHtmlCache Behavior ::run [ RunTime:0.000753s ]
INFO: ShowRuntime Behavior ::run [ RunTime:0.001069s ]
INFO: [ view_filter ] --END-- [ RunTime:0.009279s ]
INFO: [ view_end ] --START--
INFO: ShowPageTrace Behavior ::run [ RunTime:0.001301s ]
INFO: [ view_end ] --END-- [ RunTime:0.001367s ]

[ 2016-06-07T16:01:35+08:00 ] 112.66.210.90 /user/login/index
INFO: [ route_check ] --START--
INFO: CheckRoute Behavior ::run [ RunTime:0.000940s ]
INFO: [ route_check ] --END-- [ RunTime:0.001065s ]
INFO: [ app_begin ] --START--
INFO: ReadHtmlCache Behavior ::run [ RunTime:0.000556s ]
INFO: [ app_begin ] --END-- [ RunTime:0.000623s ]
INFO: [ view_parse ] --START--
INFO: ParseTemplate Behavior ::run [ RunTime:0.010509s ]
INFO: [ view_parse ] --END-- [ RunTime:0.010589s ]
INFO: [ view_filter ] --START--
INFO: ContentReplace Behavior ::run [ RunTime:0.000354s ]
INFO: TokenBuild Behavior ::run [ RunTime:0.000346s ]
INFO: WriteHtmlCache Behavior ::run [ RunTime:0.000208s ]
INFO: ShowRuntime Behavior ::run [ RunTime:0.000435s ]
INFO: [ view_filter ] --END-- [ RunTime:0.001527s ]
INFO: [ view_end ] --START--
INFO: ShowPageTrace Behavior ::run [ RunTime:0.000987s ]
INFO: [ view_end ] --END-- [ RunTime:0.001052s ]

