[ 2016-04-09T00:00:16+08:00 ] 127.0.0.1 /user/login/checkLogin
INFO: [ route_check ] --START--
INFO: CheckRoute Behavior ::run [ RunTime:0.001440s ]
INFO: [ route_check ] --END-- [ RunTime:0.001625s ]
INFO: [ app_begin ] --START--
INFO: ReadHtmlCache Behavior ::run [ RunTime:0.001201s ]
INFO: [ app_begin ] --END-- [ RunTime:0.001352s ]
NOTIC: [8] Use of undefined constant is_POST - assumed 'is_POST' D:\wamp\www\test\Weixin\App\User\Action\LoginAction.class.php 第 17 行.
NOTIC: 建议使用I方法替代_post
NOTIC: 建议使用I方法替代_post
NOTIC: [8] Undefined variable: verify D:\wamp\www\test\Weixin\App\User\Action\LoginAction.class.php 第 30 行.
SQL: SHOW COLUMNS FROM `wx_admin` [ RunTime:0.003831s ]
SQL: SELECT * FROM `wx_admin` WHERE ( `username` = 'qjy' ) LIMIT 1   [ RunTime:0.000399s ]
SQL: SHOW COLUMNS FROM `wx_wxuser` [ RunTime:0.004085s ]
SQL: SELECT * FROM `wx_wxuser` ORDER BY id desc LIMIT 1   [ RunTime:0.000446s ]

[ 2016-04-09T00:00:19+08:00 ] 127.0.0.1 /user/wxuser/set
INFO: [ route_check ] --START--
INFO: CheckRoute Behavior ::run [ RunTime:0.001595s ]
INFO: [ route_check ] --END-- [ RunTime:0.001783s ]
INFO: [ app_begin ] --START--
INFO: ReadHtmlCache Behavior ::run [ RunTime:0.001596s ]
INFO: [ app_begin ] --END-- [ RunTime:0.001791s ]
NOTIC: [8] A session had already been started - ignoring session_start() D:\wamp\www\test\Weixin\App\User\Action\BaseAction.class.php 第 2 行.
SQL: SHOW COLUMNS FROM `wx_wxuser` [ RunTime:0.004158s ]
SQL: SELECT * FROM `wx_wxuser` LIMIT 1   [ RunTime:0.000440s ]
INFO: [ view_parse ] --START--
INFO: ParseTemplate Behavior ::run [ RunTime:0.034076s ]
INFO: [ view_parse ] --END-- [ RunTime:0.034258s ]
INFO: [ view_filter ] --START--
INFO: ContentReplace Behavior ::run [ RunTime:0.001266s ]
INFO: TokenBuild Behavior ::run [ RunTime:0.001078s ]
INFO: WriteHtmlCache Behavior ::run [ RunTime:0.000930s ]
INFO: ShowRuntime Behavior ::run [ RunTime:0.001177s ]
INFO: [ view_filter ] --END-- [ RunTime:0.004901s ]
INFO: [ view_end ] --START--
INFO: ShowPageTrace Behavior ::run [ RunTime:0.001383s ]
INFO: [ view_end ] --END-- [ RunTime:0.001543s ]

[ 2016-04-09T00:03:51+08:00 ] 127.0.0.1 /user/index/logout
INFO: [ route_check ] --START--
INFO: CheckRoute Behavior ::run [ RunTime:0.001520s ]
INFO: [ route_check ] --END-- [ RunTime:0.001703s ]
INFO: [ app_begin ] --START--
INFO: ReadHtmlCache Behavior ::run [ RunTime:0.001239s ]
INFO: [ app_begin ] --END-- [ RunTime:0.001415s ]
NOTIC: [8] A session had already been started - ignoring session_start() D:\wamp\www\test\Weixin\App\User\Action\BaseAction.class.php 第 2 行.

[ 2016-04-09T00:03:51+08:00 ] 127.0.0.1 /user/login/index
INFO: [ route_check ] --START--
INFO: CheckRoute Behavior ::run [ RunTime:0.001454s ]
INFO: [ route_check ] --END-- [ RunTime:0.001639s ]
INFO: [ app_begin ] --START--
INFO: ReadHtmlCache Behavior ::run [ RunTime:0.001287s ]
INFO: [ app_begin ] --END-- [ RunTime:0.001461s ]
INFO: [ view_parse ] --START--
INFO: ParseTemplate Behavior ::run [ RunTime:0.013725s ]
INFO: [ view_parse ] --END-- [ RunTime:0.013910s ]
INFO: [ view_filter ] --START--
INFO: ContentReplace Behavior ::run [ RunTime:0.001156s ]
INFO: TokenBuild Behavior ::run [ RunTime:0.001127s ]
INFO: WriteHtmlCache Behavior ::run [ RunTime:0.002112s ]
INFO: ShowRuntime Behavior ::run [ RunTime:0.001441s ]
INFO: [ view_filter ] --END-- [ RunTime:0.006398s ]
INFO: [ view_end ] --START--
INFO: ShowPageTrace Behavior ::run [ RunTime:0.001336s ]
INFO: [ view_end ] --END-- [ RunTime:0.001496s ]

