[ 2016-06-30T17:17:20+08:00 ] 36.1.151.203 /user/login/index
INFO: [ route_check ] --START--
INFO: CheckRoute Behavior ::run [ RunTime:0.010046s ]
INFO: [ route_check ] --END-- [ RunTime:0.010203s ]
INFO: [ app_begin ] --START--
INFO: ReadHtmlCache Behavior ::run [ RunTime:0.002219s ]
INFO: [ app_begin ] --END-- [ RunTime:0.002358s ]
INFO: [ view_parse ] --START--
INFO: ParseTemplate Behavior ::run [ RunTime:0.048687s ]
INFO: [ view_parse ] --END-- [ RunTime:0.048823s ]
INFO: [ view_filter ] --START--
INFO: ContentReplace Behavior ::run [ RunTime:0.002529s ]
INFO: TokenBuild Behavior ::run [ RunTime:0.001470s ]
INFO: WriteHtmlCache Behavior ::run [ RunTime:0.000957s ]
INFO: ShowRuntime Behavior ::run [ RunTime:0.001295s ]
INFO: [ view_filter ] --END-- [ RunTime:0.006538s ]
INFO: [ view_end ] --START--
INFO: ShowPageTrace Behavior ::run [ RunTime:0.001750s ]
INFO: [ view_end ] --END-- [ RunTime:0.001841s ]

[ 2016-06-30T18:04:21+08:00 ] 36.1.151.203 /user/login/index
INFO: [ route_check ] --START--
INFO: CheckRoute Behavior ::run [ RunTime:0.000942s ]
INFO: [ route_check ] --END-- [ RunTime:0.001084s ]
INFO: [ app_begin ] --START--
INFO: ReadHtmlCache Behavior ::run [ RunTime:0.000590s ]
INFO: [ app_begin ] --END-- [ RunTime:0.000656s ]
INFO: [ view_parse ] --START--
INFO: ParseTemplate Behavior ::run [ RunTime:0.008735s ]
INFO: [ view_parse ] --END-- [ RunTime:0.008821s ]
INFO: [ view_filter ] --START--
INFO: ContentReplace Behavior ::run [ RunTime:0.000335s ]
INFO: TokenBuild Behavior ::run [ RunTime:0.000340s ]
INFO: WriteHtmlCache Behavior ::run [ RunTime:0.000211s ]
INFO: ShowRuntime Behavior ::run [ RunTime:0.000449s ]
INFO: [ view_filter ] --END-- [ RunTime:0.001543s ]
INFO: [ view_end ] --START--
INFO: ShowPageTrace Behavior ::run [ RunTime:0.000794s ]
INFO: [ view_end ] --END-- [ RunTime:0.000871s ]

[ 2016-06-30T18:04:22+08:00 ] 36.1.151.203 /user/login/index
INFO: [ route_check ] --START--
INFO: CheckRoute Behavior ::run [ RunTime:0.000920s ]
INFO: [ route_check ] --END-- [ RunTime:0.001069s ]
INFO: [ app_begin ] --START--
INFO: ReadHtmlCache Behavior ::run [ RunTime:0.000586s ]
INFO: [ app_begin ] --END-- [ RunTime:0.000652s ]
INFO: [ view_parse ] --START--
INFO: ParseTemplate Behavior ::run [ RunTime:0.008922s ]
INFO: [ view_parse ] --END-- [ RunTime:0.009001s ]
INFO: [ view_filter ] --START--
INFO: ContentReplace Behavior ::run [ RunTime:0.000342s ]
INFO: TokenBuild Behavior ::run [ RunTime:0.000425s ]
INFO: WriteHtmlCache Behavior ::run [ RunTime:0.000224s ]
INFO: ShowRuntime Behavior ::run [ RunTime:0.000434s ]
INFO: [ view_filter ] --END-- [ RunTime:0.001640s ]
INFO: [ view_end ] --START--
INFO: ShowPageTrace Behavior ::run [ RunTime:0.000808s ]
INFO: [ view_end ] --END-- [ RunTime:0.000877s ]

