[ 2016-06-26T17:11:32+08:00 ] 59.50.63.6 /user/login/index
INFO: [ route_check ] --START--
INFO: CheckRoute Behavior ::run [ RunTime:0.009000s ]
INFO: [ route_check ] --END-- [ RunTime:0.009137s ]
INFO: [ app_begin ] --START--
INFO: ReadHtmlCache Behavior ::run [ RunTime:0.001477s ]
INFO: [ app_begin ] --END-- [ RunTime:0.001548s ]
INFO: [ view_parse ] --START--
INFO: ParseTemplate Behavior ::run [ RunTime:0.050057s ]
INFO: [ view_parse ] --END-- [ RunTime:0.050174s ]
INFO: [ view_filter ] --START--
INFO: ContentReplace Behavior ::run [ RunTime:0.003000s ]
INFO: TokenBuild Behavior ::run [ RunTime:0.001322s ]
INFO: WriteHtmlCache Behavior ::run [ RunTime:0.000972s ]
INFO: ShowRuntime Behavior ::run [ RunTime:0.001243s ]
INFO: [ view_filter ] --END-- [ RunTime:0.006731s ]
INFO: [ view_end ] --START--
INFO: ShowPageTrace Behavior ::run [ RunTime:0.001405s ]
INFO: [ view_end ] --END-- [ RunTime:0.001470s ]

[ 2016-06-26T17:11:32+08:00 ] 59.50.63.6 /user/login/index
INFO: [ route_check ] --START--
INFO: CheckRoute Behavior ::run [ RunTime:0.000940s ]
INFO: [ route_check ] --END-- [ RunTime:0.001075s ]
INFO: [ app_begin ] --START--
INFO: ReadHtmlCache Behavior ::run [ RunTime:0.000585s ]
INFO: [ app_begin ] --END-- [ RunTime:0.000653s ]
INFO: [ view_parse ] --START--
INFO: ParseTemplate Behavior ::run [ RunTime:0.008472s ]
INFO: [ view_parse ] --END-- [ RunTime:0.008552s ]
INFO: [ view_filter ] --START--
INFO: ContentReplace Behavior ::run [ RunTime:0.000354s ]
INFO: TokenBuild Behavior ::run [ RunTime:0.000338s ]
INFO: WriteHtmlCache Behavior ::run [ RunTime:0.000210s ]
INFO: ShowRuntime Behavior ::run [ RunTime:0.000463s ]
INFO: [ view_filter ] --END-- [ RunTime:0.001553s ]
INFO: [ view_end ] --START--
INFO: ShowPageTrace Behavior ::run [ RunTime:0.000898s ]
INFO: [ view_end ] --END-- [ RunTime:0.000987s ]

