[ 2016-05-19T07:52:47+08:00 ] 59.50.55.60 /Wap/artice/zwgklist?code=001Tfhm30JfJoz1lVel308cdm30TfhmA&state=123
INFO: [ route_check ] --START--
INFO: CheckRoute Behavior ::run [ RunTime:0.004334s ]
INFO: [ route_check ] --END-- [ RunTime:0.004516s ]
INFO: [ app_begin ] --START--
INFO: ReadHtmlCache Behavior ::run [ RunTime:0.001576s ]
INFO: [ app_begin ] --END-- [ RunTime:0.001672s ]
SQL: SHOW COLUMNS FROM `wx_article` [ RunTime:0.011744s ]
SQL: SELECT * FROM `wx_article` WHERE ( `cate_id` = 4 ) ORDER BY id desc LIMIT 1000   [ RunTime:0.010699s ]
INFO: [ view_parse ] --START--
NOTIC: [8] Undefined index:  keyword /home/qjywxjqujiy7wbx/wwwroot/Weixin/Runtime/Cache/Wap/33c5cc52cc394bb785f4b92ac5d52bab.php 第 23 行.
INFO: ParseTemplate Behavior ::run [ RunTime:0.060947s ]
INFO: [ view_parse ] --END-- [ RunTime:0.061053s ]
INFO: [ view_filter ] --START--
INFO: ContentReplace Behavior ::run [ RunTime:0.011003s ]
INFO: TokenBuild Behavior ::run [ RunTime:0.000929s ]
INFO: WriteHtmlCache Behavior ::run [ RunTime:0.000787s ]
INFO: ShowRuntime Behavior ::run [ RunTime:0.001218s ]
INFO: [ view_filter ] --END-- [ RunTime:0.014228s ]
INFO: [ view_end ] --START--
INFO: ShowPageTrace Behavior ::run [ RunTime:0.001552s ]
INFO: [ view_end ] --END-- [ RunTime:0.001645s ]

[ 2016-05-19T07:52:56+08:00 ] 101.226.233.155 /weixin?signature=9a27a931adce7ad5ed08ba4dbd4a260395129ce8&timestamp=1463615575&nonce=1085112491
INFO: [ route_check ] --START--
INFO: CheckRoute Behavior ::run [ RunTime:0.000982s ]
INFO: [ route_check ] --END-- [ RunTime:0.001102s ]
INFO: [ app_begin ] --START--
INFO: ReadHtmlCache Behavior ::run [ RunTime:0.000534s ]
INFO: [ app_begin ] --END-- [ RunTime:0.000597s ]
NOTIC: [8] Undefined index:  echostr /home/qjywxjqujiy7wbx/wwwroot/Weixin/App/Home/ORG/Wechat.class.php 第 14 行.
SQL: SHOW COLUMNS FROM `wx_wxuser` [ RunTime:0.013251s ]
SQL: SELECT `wxid` FROM `wx_wxuser` LIMIT 1   [ RunTime:0.004990s ]
SQL: SELECT `wxid` FROM `wx_wxuser` LIMIT 1   [ RunTime:0.000094s ]
NOTIC: [8] Undefined index:  Content /home/qjywxjqujiy7wbx/wwwroot/Weixin/App/Home/Action/WeixinAction.class.php 第 158 行.
SQL: SHOW COLUMNS FROM `wx_keyword` [ RunTime:0.006976s ]
SQL: SELECT * FROM `wx_keyword` WHERE ( `keyword` LIKE '%%' ) LIMIT 1   [ RunTime:0.000788s ]
SQL: SHOW COLUMNS FROM `wx_replynews` [ RunTime:0.005458s ]
SQL: SELECT * FROM `wx_replynews` WHERE ( `id` = 15 ) LIMIT 1   [ RunTime:0.000693s ]

